

Started GET "/articles" for ::1 at 2015-06-20 13:13:33 -0400

ActiveRecord::PendingMigrationError (

Migrations are pending. To resolve this issue, run:

	bin/rake db:migrate RAILS_ENV=development

):
  activerecord (4.2.2) lib/active_record/migration.rb:393:in `check_pending!'
  activerecord (4.2.2) lib/active_record/migration.rb:374:in `call'
  actionpack (4.2.2) lib/action_dispatch/middleware/callbacks.rb:29:in `block in call'
  activesupport (4.2.2) lib/active_support/callbacks.rb:88:in `call'
  activesupport (4.2.2) lib/active_support/callbacks.rb:88:in `_run_callbacks'
  activesupport (4.2.2) lib/active_support/callbacks.rb:776:in `_run_call_callbacks'
  activesupport (4.2.2) lib/active_support/callbacks.rb:81:in `run_callbacks'
  actionpack (4.2.2) lib/action_dispatch/middleware/callbacks.rb:27:in `call'
  actionpack (4.2.2) lib/action_dispatch/middleware/reloader.rb:73:in `call'
  actionpack (4.2.2) lib/action_dispatch/middleware/remote_ip.rb:78:in `call'
  actionpack (4.2.2) lib/action_dispatch/middleware/debug_exceptions.rb:17:in `call'
  web-console (2.1.3) lib/web_console/middleware.rb:37:in `call'
  actionpack (4.2.2) lib/action_dispatch/middleware/show_exceptions.rb:30:in `call'
  railties (4.2.2) lib/rails/rack/logger.rb:38:in `call_app'
  railties (4.2.2) lib/rails/rack/logger.rb:20:in `block in call'
  activesupport (4.2.2) lib/active_support/tagged_logging.rb:68:in `block in tagged'
  activesupport (4.2.2) lib/active_support/tagged_logging.rb:26:in `tagged'
  activesupport (4.2.2) lib/active_support/tagged_logging.rb:68:in `tagged'
  railties (4.2.2) lib/rails/rack/logger.rb:20:in `call'
  actionpack (4.2.2) lib/action_dispatch/middleware/request_id.rb:21:in `call'
  rack (1.6.2) lib/rack/methodoverride.rb:22:in `call'
  rack (1.6.2) lib/rack/runtime.rb:18:in `call'
  activesupport (4.2.2) lib/active_support/cache/strategy/local_cache_middleware.rb:28:in `call'
  rack (1.6.2) lib/rack/lock.rb:17:in `call'
  actionpack (4.2.2) lib/action_dispatch/middleware/static.rb:113:in `call'
  rack (1.6.2) lib/rack/sendfile.rb:113:in `call'
  railties (4.2.2) lib/rails/engine.rb:518:in `call'
  railties (4.2.2) lib/rails/application.rb:164:in `call'
  rack (1.6.2) lib/rack/lock.rb:17:in `call'
  rack (1.6.2) lib/rack/content_length.rb:15:in `call'
  rack (1.6.2) lib/rack/handler/webrick.rb:88:in `service'
  /Users/fayekeegan/.rvm/rubies/ruby-2.2.1/lib/ruby/2.2.0/webrick/httpserver.rb:138:in `service'
  /Users/fayekeegan/.rvm/rubies/ruby-2.2.1/lib/ruby/2.2.0/webrick/httpserver.rb:94:in `run'
  /Users/fayekeegan/.rvm/rubies/ruby-2.2.1/lib/ruby/2.2.0/webrick/server.rb:294:in `block in start_thread'


  Rendered /Users/fayekeegan/.rvm/gems/ruby-2.2.1@global/gems/actionpack-4.2.2/lib/action_dispatch/middleware/templates/rescues/_source.erb (2.1ms)
  Rendered /Users/fayekeegan/.rvm/gems/ruby-2.2.1@global/gems/actionpack-4.2.2/lib/action_dispatch/middleware/templates/rescues/_trace.html.erb (1.3ms)
  Rendered /Users/fayekeegan/.rvm/gems/ruby-2.2.1@global/gems/actionpack-4.2.2/lib/action_dispatch/middleware/templates/rescues/_request_and_response.html.erb (0.8ms)
  Rendered /Users/fayekeegan/.rvm/gems/ruby-2.2.1@global/gems/actionpack-4.2.2/lib/action_dispatch/middleware/templates/rescues/diagnostics.html.erb within rescues/layout (92.7ms)
  Rendered /Users/fayekeegan/.rvm/gems/ruby-2.2.1/gems/web-console-2.1.3/lib/web_console/templates/_markup.html.erb (0.4ms)
  Rendered /Users/fayekeegan/.rvm/gems/ruby-2.2.1/gems/web-console-2.1.3/lib/web_console/templates/style.css.erb within layouts/inlined_string (0.3ms)
  Rendered /Users/fayekeegan/.rvm/gems/ruby-2.2.1/gems/web-console-2.1.3/lib/web_console/templates/_inner_console_markup.html.erb within layouts/inlined_string (0.3ms)
  Rendered /Users/fayekeegan/.rvm/gems/ruby-2.2.1/gems/web-console-2.1.3/lib/web_console/templates/_prompt_box_markup.html.erb within layouts/inlined_string (0.3ms)
  Rendered /Users/fayekeegan/.rvm/gems/ruby-2.2.1/gems/web-console-2.1.3/lib/web_console/templates/console.js.erb within layouts/javascript (50.8ms)
  Rendered /Users/fayekeegan/.rvm/gems/ruby-2.2.1/gems/web-console-2.1.3/lib/web_console/templates/main.js.erb within layouts/javascript (0.3ms)
  Rendered /Users/fayekeegan/.rvm/gems/ruby-2.2.1/gems/web-console-2.1.3/lib/web_console/templates/error_page.js.erb within layouts/javascript (0.4ms)
  Rendered /Users/fayekeegan/.rvm/gems/ruby-2.2.1/gems/web-console-2.1.3/lib/web_console/templates/index.html.erb (108.8ms)


Started GET "/articles" for ::1 at 2015-06-20 13:13:33 -0400

ActiveRecord::PendingMigrationError (

Migrations are pending. To resolve this issue, run:

	bin/rake db:migrate RAILS_ENV=development

):
  activerecord (4.2.2) lib/active_record/migration.rb:393:in `check_pending!'
  activerecord (4.2.2) lib/active_record/migration.rb:374:in `call'
  actionpack (4.2.2) lib/action_dispatch/middleware/callbacks.rb:29:in `block in call'
  activesupport (4.2.2) lib/active_support/callbacks.rb:88:in `call'
  activesupport (4.2.2) lib/active_support/callbacks.rb:88:in `_run_callbacks'
  activesupport (4.2.2) lib/active_support/callbacks.rb:776:in `_run_call_callbacks'
  activesupport (4.2.2) lib/active_support/callbacks.rb:81:in `run_callbacks'
  actionpack (4.2.2) lib/action_dispatch/middleware/callbacks.rb:27:in `call'
  actionpack (4.2.2) lib/action_dispatch/middleware/reloader.rb:73:in `call'
  actionpack (4.2.2) lib/action_dispatch/middleware/remote_ip.rb:78:in `call'
  actionpack (4.2.2) lib/action_dispatch/middleware/debug_exceptions.rb:17:in `call'
  web-console (2.1.3) lib/web_console/middleware.rb:37:in `call'
  actionpack (4.2.2) lib/action_dispatch/middleware/show_exceptions.rb:30:in `call'
  railties (4.2.2) lib/rails/rack/logger.rb:38:in `call_app'
  railties (4.2.2) lib/rails/rack/logger.rb:20:in `block in call'
  activesupport (4.2.2) lib/active_support/tagged_logging.rb:68:in `block in tagged'
  activesupport (4.2.2) lib/active_support/tagged_logging.rb:26:in `tagged'
  activesupport (4.2.2) lib/active_support/tagged_logging.rb:68:in `tagged'
  railties (4.2.2) lib/rails/rack/logger.rb:20:in `call'
  actionpack (4.2.2) lib/action_dispatch/middleware/request_id.rb:21:in `call'
  rack (1.6.2) lib/rack/methodoverride.rb:22:in `call'
  rack (1.6.2) lib/rack/runtime.rb:18:in `call'
  activesupport (4.2.2) lib/active_support/cache/strategy/local_cache_middleware.rb:28:in `call'
  rack (1.6.2) lib/rack/lock.rb:17:in `call'
  actionpack (4.2.2) lib/action_dispatch/middleware/static.rb:113:in `call'
  rack (1.6.2) lib/rack/sendfile.rb:113:in `call'
  railties (4.2.2) lib/rails/engine.rb:518:in `call'
  railties (4.2.2) lib/rails/application.rb:164:in `call'
  rack (1.6.2) lib/rack/lock.rb:17:in `call'
  rack (1.6.2) lib/rack/content_length.rb:15:in `call'
  rack (1.6.2) lib/rack/handler/webrick.rb:88:in `service'
  /Users/fayekeegan/.rvm/rubies/ruby-2.2.1/lib/ruby/2.2.0/webrick/httpserver.rb:138:in `service'
  /Users/fayekeegan/.rvm/rubies/ruby-2.2.1/lib/ruby/2.2.0/webrick/httpserver.rb:94:in `run'
  /Users/fayekeegan/.rvm/rubies/ruby-2.2.1/lib/ruby/2.2.0/webrick/server.rb:294:in `block in start_thread'


  Rendered /Users/fayekeegan/.rvm/gems/ruby-2.2.1@global/gems/actionpack-4.2.2/lib/action_dispatch/middleware/templates/rescues/_source.erb (2.3ms)
  Rendered /Users/fayekeegan/.rvm/gems/ruby-2.2.1@global/gems/actionpack-4.2.2/lib/action_dispatch/middleware/templates/rescues/_trace.html.erb (1.6ms)
  Rendered /Users/fayekeegan/.rvm/gems/ruby-2.2.1@global/gems/actionpack-4.2.2/lib/action_dispatch/middleware/templates/rescues/_request_and_response.html.erb (0.9ms)
  Rendered /Users/fayekeegan/.rvm/gems/ruby-2.2.1@global/gems/actionpack-4.2.2/lib/action_dispatch/middleware/templates/rescues/diagnostics.html.erb within rescues/layout (59.7ms)
  Rendered /Users/fayekeegan/.rvm/gems/ruby-2.2.1/gems/web-console-2.1.3/lib/web_console/templates/_markup.html.erb (0.4ms)
  Rendered /Users/fayekeegan/.rvm/gems/ruby-2.2.1/gems/web-console-2.1.3/lib/web_console/templates/style.css.erb within layouts/inlined_string (0.4ms)
  Rendered /Users/fayekeegan/.rvm/gems/ruby-2.2.1/gems/web-console-2.1.3/lib/web_console/templates/_inner_console_markup.html.erb within layouts/inlined_string (0.5ms)
  Rendered /Users/fayekeegan/.rvm/gems/ruby-2.2.1/gems/web-console-2.1.3/lib/web_console/templates/_prompt_box_markup.html.erb within layouts/inlined_string (0.3ms)
  Rendered /Users/fayekeegan/.rvm/gems/ruby-2.2.1/gems/web-console-2.1.3/lib/web_console/templates/console.js.erb within layouts/javascript (40.6ms)
  Rendered /Users/fayekeegan/.rvm/gems/ruby-2.2.1/gems/web-console-2.1.3/lib/web_console/templates/main.js.erb within layouts/javascript (0.3ms)
  Rendered /Users/fayekeegan/.rvm/gems/ruby-2.2.1/gems/web-console-2.1.3/lib/web_console/templates/error_page.js.erb within layouts/javascript (0.4ms)
  Rendered /Users/fayekeegan/.rvm/gems/ruby-2.2.1/gems/web-console-2.1.3/lib/web_console/templates/index.html.erb (88.4ms)
  [1m[36m (1.7ms)[0m  [1mCREATE TABLE "schema_migrations" ("version" varchar NOT NULL) [0m
  [1m[35m (0.1ms)[0m  select sqlite_version(*)
  [1m[36m (0.8ms)[0m  [1mCREATE UNIQUE INDEX "unique_schema_migrations" ON "schema_migrations" ("version")[0m
  [1m[35mActiveRecord::SchemaMigration Load (0.1ms)[0m  SELECT "schema_migrations".* FROM "schema_migrations"
Migrating to CreateArticles (20150617191949)
  [1m[36m (0.1ms)[0m  [1mbegin transaction[0m
  [1m[35m (0.4ms)[0m  CREATE TABLE "articles" ("id" INTEGER PRIMARY KEY AUTOINCREMENT NOT NULL, "title" varchar, "body" text, "created_at" datetime NOT NULL, "updated_at" datetime NOT NULL) 
  [1m[36mSQL (0.1ms)[0m  [1mINSERT INTO "schema_migrations" ("version") VALUES (?)[0m  [["version", "20150617191949"]]
  [1m[35m (0.7ms)[0m  commit transaction
Migrating to CreateComments (20150618225907)
  [1m[36m (0.0ms)[0m  [1mbegin transaction[0m
  [1m[35m (0.3ms)[0m  CREATE TABLE "comments" ("id" INTEGER PRIMARY KEY AUTOINCREMENT NOT NULL, "author_name" varchar, "body" text, "article_id" integer, "created_at" datetime NOT NULL, "updated_at" datetime NOT NULL) 
  [1m[36m (0.1ms)[0m  [1mCREATE  INDEX "index_comments_on_article_id" ON "comments" ("article_id")[0m
  [1m[35mSQL (0.1ms)[0m  INSERT INTO "schema_migrations" ("version") VALUES (?)  [["version", "20150618225907"]]
  [1m[36m (0.7ms)[0m  [1mcommit transaction[0m
Migrating to CreateTags (20150618234302)
  [1m[35m (0.0ms)[0m  begin transaction
  [1m[36m (0.3ms)[0m  [1mCREATE TABLE "tags" ("id" INTEGER PRIMARY KEY AUTOINCREMENT NOT NULL, "name" varchar, "created_at" datetime NOT NULL, "updated_at" datetime NOT NULL) [0m
  [1m[35mSQL (0.1ms)[0m  INSERT INTO "schema_migrations" ("version") VALUES (?)  [["version", "20150618234302"]]
  [1m[36m (0.7ms)[0m  [1mcommit transaction[0m
Migrating to CreateTaggings (20150618234323)
  [1m[35m (0.0ms)[0m  begin transaction
  [1m[36m (0.3ms)[0m  [1mCREATE TABLE "taggings" ("id" INTEGER PRIMARY KEY AUTOINCREMENT NOT NULL, "tag_id" integer, "article_id" integer, "created_at" datetime NOT NULL, "updated_at" datetime NOT NULL) [0m
  [1m[35m (0.1ms)[0m  CREATE  INDEX "index_taggings_on_tag_id" ON "taggings" ("tag_id")
  [1m[36m (0.1ms)[0m  [1m            SELECT sql
            FROM sqlite_master
            WHERE name='index_taggings_on_tag_id' AND type='index'
            UNION ALL
            SELECT sql
            FROM sqlite_temp_master
            WHERE name='index_taggings_on_tag_id' AND type='index'
[0m
  [1m[35m (0.1ms)[0m  CREATE  INDEX "index_taggings_on_article_id" ON "taggings" ("article_id")
  [1m[36mSQL (0.1ms)[0m  [1mINSERT INTO "schema_migrations" ("version") VALUES (?)[0m  [["version", "20150618234323"]]
  [1m[35m (0.8ms)[0m  commit transaction
Migrating to AddPaperclipFieldsToArticle (20150619180554)
  [1m[36m (0.1ms)[0m  [1mbegin transaction[0m
  [1m[35m (0.4ms)[0m  ALTER TABLE "articles" ADD "image_file_name" varchar
  [1m[36m (0.2ms)[0m  [1mALTER TABLE "articles" ADD "image_content_type" varchar[0m
  [1m[35m (0.1ms)[0m  ALTER TABLE "articles" ADD "image_file_size" integer
  [1m[36m (0.2ms)[0m  [1mALTER TABLE "articles" ADD "image_updated_at" datetime[0m
  [1m[35mSQL (0.1ms)[0m  INSERT INTO "schema_migrations" ("version") VALUES (?)  [["version", "20150619180554"]]
  [1m[36m (0.7ms)[0m  [1mcommit transaction[0m
  [1m[35mActiveRecord::SchemaMigration Load (0.1ms)[0m  SELECT "schema_migrations".* FROM "schema_migrations"
  [1m[36m (0.1ms)[0m  [1m            SELECT sql
            FROM sqlite_master
            WHERE name='index_comments_on_article_id' AND type='index'
            UNION ALL
            SELECT sql
            FROM sqlite_temp_master
            WHERE name='index_comments_on_article_id' AND type='index'
[0m
  [1m[35m (0.1ms)[0m              SELECT sql
            FROM sqlite_master
            WHERE name='index_taggings_on_article_id' AND type='index'
            UNION ALL
            SELECT sql
            FROM sqlite_temp_master
            WHERE name='index_taggings_on_article_id' AND type='index'

  [1m[36m (0.1ms)[0m  [1m            SELECT sql
            FROM sqlite_master
            WHERE name='index_taggings_on_tag_id' AND type='index'
            UNION ALL
            SELECT sql
            FROM sqlite_temp_master
            WHERE name='index_taggings_on_tag_id' AND type='index'
[0m


Started GET "/articles" for ::1 at 2015-06-20 13:14:23 -0400
  [1m[36mActiveRecord::SchemaMigration Load (0.1ms)[0m  [1mSELECT "schema_migrations".* FROM "schema_migrations"[0m
Processing by ArticlesController#index as HTML
  [1m[35mArticle Load (0.1ms)[0m  SELECT "articles".* FROM "articles"
  Rendered articles/index.html.erb within layouts/application (2.7ms)
Completed 200 OK in 1594ms (Views: 1576.8ms | ActiveRecord: 0.2ms)


Started GET "/assets/styles.self-3c1e850ad392ea0ad08221e9d1fd465e97e697de5ed998b4c606119ec1d6bdb1.css?body=1" for ::1 at 2015-06-20 13:14:25 -0400


Started GET "/assets/articles.self-e3b0c44298fc1c149afbf4c8996fb92427ae41e4649b934ca495991b7852b855.css?body=1" for ::1 at 2015-06-20 13:14:25 -0400


Started GET "/assets/tags.self-e3b0c44298fc1c149afbf4c8996fb92427ae41e4649b934ca495991b7852b855.css?body=1" for ::1 at 2015-06-20 13:14:25 -0400


Started GET "/assets/screen.self-16f83778566f2ea814368100ac8e534d7de4921c8d7334c3f01cc357b90c6547.css?body=1" for ::1 at 2015-06-20 13:14:25 -0400


Started GET "/assets/comments.self-e3b0c44298fc1c149afbf4c8996fb92427ae41e4649b934ca495991b7852b855.css?body=1" for ::1 at 2015-06-20 13:14:25 -0400


Started GET "/assets/jquery.self-d03a5518f45df77341bdbe6201ba3bfa547ebba8ed64f0ea56bfa5f96ea7c074.js?body=1" for ::1 at 2015-06-20 13:14:25 -0400


Started GET "/assets/application.self-e80e8f2318043e8af94dddc2adad5a4f09739a8ebb323b3ab31cd71d45fd9113.css?body=1" for ::1 at 2015-06-20 13:14:25 -0400


Started GET "/assets/jquery_ujs.self-ca5248a2fad13d6bd58ea121318d642f195f0b2dd818b30615f785ff365e8d1f.js?body=1" for ::1 at 2015-06-20 13:14:25 -0400


Started GET "/assets/turbolinks.self-c37727e9bd6b2735da5c311aa83fead54ed0be6cc8bd9a65309e9c5abe2cbfff.js?body=1" for ::1 at 2015-06-20 13:14:25 -0400


Started GET "/assets/articles.self-877aef30ae1b040ab8a3aba4e3e309a11d7f2612f44dde450b5c157aa5f95c05.js?body=1" for ::1 at 2015-06-20 13:14:25 -0400


Started GET "/assets/comments.self-877aef30ae1b040ab8a3aba4e3e309a11d7f2612f44dde450b5c157aa5f95c05.js?body=1" for ::1 at 2015-06-20 13:14:25 -0400


Started GET "/assets/tags.self-877aef30ae1b040ab8a3aba4e3e309a11d7f2612f44dde450b5c157aa5f95c05.js?body=1" for ::1 at 2015-06-20 13:14:25 -0400


Started GET "/assets/application.self-3b8dabdc891efe46b9a144b400ad69e37d7e5876bdc39dee783419a69d7ca819.js?body=1" for ::1 at 2015-06-20 13:14:25 -0400


Started GET "/" for ::1 at 2015-06-20 13:14:27 -0400
Processing by ArticlesController#index as HTML
  [1m[36mArticle Load (0.1ms)[0m  [1mSELECT "articles".* FROM "articles"[0m
  Rendered articles/index.html.erb within layouts/application (0.7ms)
Completed 200 OK in 38ms (Views: 37.6ms | ActiveRecord: 0.1ms)


Started GET "/articles" for ::1 at 2015-06-20 13:14:32 -0400
Processing by ArticlesController#index as HTML
  [1m[35mArticle Load (0.1ms)[0m  SELECT "articles".* FROM "articles"
  Rendered articles/index.html.erb within layouts/application (0.6ms)
Completed 200 OK in 36ms (Views: 35.0ms | ActiveRecord: 0.1ms)


Started GET "/tags/" for ::1 at 2015-06-20 13:14:34 -0400
Processing by TagsController#index as HTML
  [1m[36mTag Load (0.2ms)[0m  [1mSELECT "tags".* FROM "tags"[0m
  Rendered tags/index.html.erb within layouts/application (1.7ms)
Completed 200 OK in 56ms (Views: 51.3ms | ActiveRecord: 0.3ms)


Started GET "/tages" for ::1 at 2015-06-20 13:14:34 -0400

ActionController::RoutingError (No route matches [GET] "/tages"):
  actionpack (4.2.2) lib/action_dispatch/middleware/debug_exceptions.rb:21:in `call'
  web-console (2.1.3) lib/web_console/middleware.rb:37:in `call'
  actionpack (4.2.2) lib/action_dispatch/middleware/show_exceptions.rb:30:in `call'
  railties (4.2.2) lib/rails/rack/logger.rb:38:in `call_app'
  railties (4.2.2) lib/rails/rack/logger.rb:20:in `block in call'
  activesupport (4.2.2) lib/active_support/tagged_logging.rb:68:in `block in tagged'
  activesupport (4.2.2) lib/active_support/tagged_logging.rb:26:in `tagged'
  activesupport (4.2.2) lib/active_support/tagged_logging.rb:68:in `tagged'
  railties (4.2.2) lib/rails/rack/logger.rb:20:in `call'
  actionpack (4.2.2) lib/action_dispatch/middleware/request_id.rb:21:in `call'
  rack (1.6.2) lib/rack/methodoverride.rb:22:in `call'
  rack (1.6.2) lib/rack/runtime.rb:18:in `call'
  activesupport (4.2.2) lib/active_support/cache/strategy/local_cache_middleware.rb:28:in `call'
  rack (1.6.2) lib/rack/lock.rb:17:in `call'
  actionpack (4.2.2) lib/action_dispatch/middleware/static.rb:113:in `call'
  rack (1.6.2) lib/rack/sendfile.rb:113:in `call'
  railties (4.2.2) lib/rails/engine.rb:518:in `call'
  railties (4.2.2) lib/rails/application.rb:164:in `call'
  rack (1.6.2) lib/rack/lock.rb:17:in `call'
  rack (1.6.2) lib/rack/content_length.rb:15:in `call'
  rack (1.6.2) lib/rack/handler/webrick.rb:88:in `service'
  /Users/fayekeegan/.rvm/rubies/ruby-2.2.1/lib/ruby/2.2.0/webrick/httpserver.rb:138:in `service'
  /Users/fayekeegan/.rvm/rubies/ruby-2.2.1/lib/ruby/2.2.0/webrick/httpserver.rb:94:in `run'
  /Users/fayekeegan/.rvm/rubies/ruby-2.2.1/lib/ruby/2.2.0/webrick/server.rb:294:in `block in start_thread'


  Rendered /Users/fayekeegan/.rvm/gems/ruby-2.2.1@global/gems/actionpack-4.2.2/lib/action_dispatch/middleware/templates/rescues/_trace.html.erb (1.4ms)
  Rendered /Users/fayekeegan/.rvm/gems/ruby-2.2.1@global/gems/actionpack-4.2.2/lib/action_dispatch/middleware/templates/routes/_route.html.erb (3.1ms)
  Rendered /Users/fayekeegan/.rvm/gems/ruby-2.2.1@global/gems/actionpack-4.2.2/lib/action_dispatch/middleware/templates/routes/_table.html.erb (9.1ms)
  Rendered /Users/fayekeegan/.rvm/gems/ruby-2.2.1@global/gems/actionpack-4.2.2/lib/action_dispatch/middleware/templates/rescues/_request_and_response.html.erb (1.1ms)
  Rendered /Users/fayekeegan/.rvm/gems/ruby-2.2.1@global/gems/actionpack-4.2.2/lib/action_dispatch/middleware/templates/rescues/routing_error.html.erb within rescues/layout (94.0ms)
  Rendered /Users/fayekeegan/.rvm/gems/ruby-2.2.1/gems/web-console-2.1.3/lib/web_console/templates/_markup.html.erb (0.4ms)
  Rendered /Users/fayekeegan/.rvm/gems/ruby-2.2.1/gems/web-console-2.1.3/lib/web_console/templates/style.css.erb within layouts/inlined_string (0.4ms)
  Rendered /Users/fayekeegan/.rvm/gems/ruby-2.2.1/gems/web-console-2.1.3/lib/web_console/templates/_inner_console_markup.html.erb within layouts/inlined_string (0.3ms)
  Rendered /Users/fayekeegan/.rvm/gems/ruby-2.2.1/gems/web-console-2.1.3/lib/web_console/templates/_prompt_box_markup.html.erb within layouts/inlined_string (0.3ms)
  Rendered /Users/fayekeegan/.rvm/gems/ruby-2.2.1/gems/web-console-2.1.3/lib/web_console/templates/console.js.erb within layouts/javascript (40.8ms)
  Rendered /Users/fayekeegan/.rvm/gems/ruby-2.2.1/gems/web-console-2.1.3/lib/web_console/templates/main.js.erb within layouts/javascript (0.3ms)
  Rendered /Users/fayekeegan/.rvm/gems/ruby-2.2.1/gems/web-console-2.1.3/lib/web_console/templates/error_page.js.erb within layouts/javascript (0.4ms)
  Rendered /Users/fayekeegan/.rvm/gems/ruby-2.2.1/gems/web-console-2.1.3/lib/web_console/templates/index.html.erb (89.8ms)


Started GET "/articles" for ::1 at 2015-06-20 13:14:42 -0400
Processing by ArticlesController#index as HTML
  [1m[35mArticle Load (0.1ms)[0m  SELECT "articles".* FROM "articles"
  Rendered articles/index.html.erb within layouts/application (0.7ms)
Completed 200 OK in 48ms (Views: 47.2ms | ActiveRecord: 0.1ms)


Started GET "/tags/" for ::1 at 2015-06-20 13:14:45 -0400
Processing by TagsController#index as HTML
  [1m[36mTag Load (0.2ms)[0m  [1mSELECT "tags".* FROM "tags"[0m
  Rendered tags/index.html.erb within layouts/application (0.5ms)
Completed 200 OK in 35ms (Views: 34.6ms | ActiveRecord: 0.2ms)


Started GET "/articles" for ::1 at 2015-06-20 13:14:51 -0400
Processing by ArticlesController#index as HTML
  [1m[35mArticle Load (0.1ms)[0m  SELECT "articles".* FROM "articles"
  Rendered articles/index.html.erb within layouts/application (0.6ms)
Completed 200 OK in 34ms (Views: 33.0ms | ActiveRecord: 0.1ms)


Started GET "/articles/new" for ::1 at 2015-06-20 13:14:53 -0400
Processing by ArticlesController#new as HTML
  Rendered articles/_form.html.erb (43.4ms)
  Rendered articles/new.html.erb within layouts/application (45.1ms)
Completed 200 OK in 94ms (Views: 87.0ms | ActiveRecord: 0.6ms)


Started POST "/articles" for ::1 at 2015-06-20 13:15:32 -0400
Processing by ArticlesController#create as HTML
  Parameters: {"utf8"=>"✓", "authenticity_token"=>"o1Br91ZPC581DUFUrNSG8LG3xdXKNyEpOoAk9z92yCoq4Z5O7nuqTkYJlW6Cn45faimtTxKlQjI/JN4uwZSnbg==", "article"=>{"title"=>"Sample Article 1", "body"=>"Sample 1 Sample 1 Sample 1 Sample 1 Sample 1 Sample 1 Sample 1 Sample 1 Sample 1 Sample 1 Sample 1 Sample 1 Sample 1 Sample 1 Sample 1 Sample 1 Sample 1 Sample 1 Sample 1 Sample 1 Sample 1 Sample 1 Sample 1 Sample 1 Sample 1 Sample 1 Sample 1 Sample 1 Sample 1 Sample 1 Sample 1 Sample 1 Sample 1 Sample 1 Sample 1 Sample 1 Sample 1 Sample 1 Sample 1 Sample 1 Sample 1 Sample 1 Sample 1 Sample 1 Sample 1 Sample 1 Sample 1 Sample 1 Sample 1 Sample 1 Sample 1 Sample 1 Sample 1 Sample 1 Sample 1 Sample 1 Sample 1 Sample 1 Sample 1 Sample 1 Sample 1 Sample 1 Sample 1 Sample 1 Sample 1 Sample 1 Sample 1 Sample 1 Sample 1 Sample 1 Sample 1 Sample 1 Sample 1 Sample 1 Sample 1 Sample 1 Sample 1 Sample 1 Sample 1 Sample 1 Sample 1 Sample 1 Sample 1 Sample 1 Sample 1 Sample 1 Sample 1 Sample 1 Sample 1 Sample 1 Sample 1 Sample 1 ", "tag_list"=>"ruby, technology", "image"=>#<ActionDispatch::Http::UploadedFile:0x007f8f186fc9e0 @tempfile=#<Tempfile:/var/folders/jc/gn49m9hd7_7cpbfmn5twnjk00000gn/T/RackMultipart20150620-37437-1fkmohu.jpg>, @original_filename="little_pig_with_red_shoes.jpg", @content_type="image/jpeg", @headers="Content-Disposition: form-data; name=\"article[image]\"; filename=\"little_pig_with_red_shoes.jpg\"\r\nContent-Type: image/jpeg\r\n">}, "commit"=>"Create Article"}
  [1m[36mTag Load (0.2ms)[0m  [1mSELECT  "tags".* FROM "tags" WHERE "tags"."name" = ? LIMIT 1[0m  [["name", "ruby"]]
  [1m[35m (0.1ms)[0m  begin transaction
  [1m[36mSQL (0.4ms)[0m  [1mINSERT INTO "tags" ("name", "created_at", "updated_at") VALUES (?, ?, ?)[0m  [["name", "ruby"], ["created_at", "2015-06-20 17:15:32.643718"], ["updated_at", "2015-06-20 17:15:32.643718"]]
  [1m[35m (0.7ms)[0m  commit transaction
  [1m[36mTag Load (0.1ms)[0m  [1mSELECT  "tags".* FROM "tags" WHERE "tags"."name" = ? LIMIT 1[0m  [["name", "technology"]]
  [1m[35m (0.1ms)[0m  begin transaction
  [1m[36mSQL (0.3ms)[0m  [1mINSERT INTO "tags" ("name", "created_at", "updated_at") VALUES (?, ?, ?)[0m  [["name", "technology"], ["created_at", "2015-06-20 17:15:32.647602"], ["updated_at", "2015-06-20 17:15:32.647602"]]
  [1m[35m (0.9ms)[0m  commit transaction
Command :: file -b --mime '/var/folders/jc/gn49m9hd7_7cpbfmn5twnjk00000gn/T/d85f0f9d232a5f14825f9e8f971d670020150620-37437-18r2pw6.jpg'
  [1m[36m (0.1ms)[0m  [1mbegin transaction[0m
Command :: file -b --mime '/var/folders/jc/gn49m9hd7_7cpbfmn5twnjk00000gn/T/d85f0f9d232a5f14825f9e8f971d670020150620-37437-10ie76z.jpg'
  [1m[35mSQL (0.5ms)[0m  INSERT INTO "articles" ("title", "body", "image_file_name", "image_content_type", "image_file_size", "image_updated_at", "created_at", "updated_at") VALUES (?, ?, ?, ?, ?, ?, ?, ?)  [["title", "Sample Article 1"], ["body", "Sample 1 Sample 1 Sample 1 Sample 1 Sample 1 Sample 1 Sample 1 Sample 1 Sample 1 Sample 1 Sample 1 Sample 1 Sample 1 Sample 1 Sample 1 Sample 1 Sample 1 Sample 1 Sample 1 Sample 1 Sample 1 Sample 1 Sample 1 Sample 1 Sample 1 Sample 1 Sample 1 Sample 1 Sample 1 Sample 1 Sample 1 Sample 1 Sample 1 Sample 1 Sample 1 Sample 1 Sample 1 Sample 1 Sample 1 Sample 1 Sample 1 Sample 1 Sample 1 Sample 1 Sample 1 Sample 1 Sample 1 Sample 1 Sample 1 Sample 1 Sample 1 Sample 1 Sample 1 Sample 1 Sample 1 Sample 1 Sample 1 Sample 1 Sample 1 Sample 1 Sample 1 Sample 1 Sample 1 Sample 1 Sample 1 Sample 1 Sample 1 Sample 1 Sample 1 Sample 1 Sample 1 Sample 1 Sample 1 Sample 1 Sample 1 Sample 1 Sample 1 Sample 1 Sample 1 Sample 1 Sample 1 Sample 1 Sample 1 Sample 1 Sample 1 Sample 1 Sample 1 Sample 1 Sample 1 Sample 1 Sample 1 Sample 1 "], ["image_file_name", "little_pig_with_red_shoes.jpg"], ["image_content_type", "image/jpeg"], ["image_file_size", 52304], ["image_updated_at", "2015-06-20 17:15:32.664972"], ["created_at", "2015-06-20 17:15:32.696310"], ["updated_at", "2015-06-20 17:15:32.696310"]]
  [1m[36mSQL (0.2ms)[0m  [1mINSERT INTO "taggings" ("tag_id", "article_id", "created_at", "updated_at") VALUES (?, ?, ?, ?)[0m  [["tag_id", 1], ["article_id", 1], ["created_at", "2015-06-20 17:15:32.698787"], ["updated_at", "2015-06-20 17:15:32.698787"]]
  [1m[35mSQL (0.1ms)[0m  INSERT INTO "taggings" ("tag_id", "article_id", "created_at", "updated_at") VALUES (?, ?, ?, ?)  [["tag_id", 2], ["article_id", 1], ["created_at", "2015-06-20 17:15:32.700188"], ["updated_at", "2015-06-20 17:15:32.700188"]]
  [1m[36m (1.0ms)[0m  [1mcommit transaction[0m
Redirected to http://localhost:3000/articles/1
Completed 302 Found in 85ms (ActiveRecord: 4.6ms)


Started GET "/articles/1" for ::1 at 2015-06-20 13:15:32 -0400
Processing by ArticlesController#show as HTML
  Parameters: {"id"=>"1"}
  [1m[35mArticle Load (0.2ms)[0m  SELECT  "articles".* FROM "articles" WHERE "articles"."id" = ? LIMIT 1  [["id", 1]]
  [1m[36mTag Load (0.5ms)[0m  [1mSELECT "tags".* FROM "tags" INNER JOIN "taggings" ON "tags"."id" = "taggings"."tag_id" WHERE "taggings"."article_id" = ?[0m  [["article_id", 1]]
  Rendered comments/_form.html.erb (4.0ms)
  [1m[35m (0.2ms)[0m  SELECT COUNT(*) FROM "comments" WHERE "comments"."article_id" = ?  [["article_id", 1]]
  Rendered articles/_comment.html.erb (0.0ms)
  Rendered articles/show.html.erb within layouts/application (22.6ms)
Completed 200 OK in 66ms (Views: 56.6ms | ActiveRecord: 1.1ms)


Started GET "/articles" for ::1 at 2015-06-20 13:15:40 -0400
Processing by ArticlesController#index as HTML
  [1m[36mArticle Load (0.1ms)[0m  [1mSELECT "articles".* FROM "articles"[0m
  Rendered articles/index.html.erb within layouts/application (1.3ms)
Completed 200 OK in 35ms (Views: 34.9ms | ActiveRecord: 0.1ms)


Started GET "/articles/new" for ::1 at 2015-06-20 13:15:44 -0400
Processing by ArticlesController#new as HTML
  Rendered articles/_form.html.erb (2.3ms)
  Rendered articles/new.html.erb within layouts/application (3.8ms)
Completed 200 OK in 47ms (Views: 45.4ms | ActiveRecord: 0.0ms)
  [1m[36mActiveRecord::SchemaMigration Load (0.1ms)[0m  [1mSELECT "schema_migrations".* FROM "schema_migrations"[0m
  [1m[35mActiveRecord::SchemaMigration Load (0.1ms)[0m  SELECT "schema_migrations".* FROM "schema_migrations"
  [1m[36m (0.1ms)[0m  [1m            SELECT sql
            FROM sqlite_master
            WHERE name='index_comments_on_article_id' AND type='index'
            UNION ALL
            SELECT sql
            FROM sqlite_temp_master
            WHERE name='index_comments_on_article_id' AND type='index'
[0m
  [1m[35m (0.1ms)[0m              SELECT sql
            FROM sqlite_master
            WHERE name='index_taggings_on_article_id' AND type='index'
            UNION ALL
            SELECT sql
            FROM sqlite_temp_master
            WHERE name='index_taggings_on_article_id' AND type='index'

  [1m[36m (0.1ms)[0m  [1m            SELECT sql
            FROM sqlite_master
            WHERE name='index_taggings_on_tag_id' AND type='index'
            UNION ALL
            SELECT sql
            FROM sqlite_temp_master
            WHERE name='index_taggings_on_tag_id' AND type='index'
[0m
  [1m[36mActiveRecord::SchemaMigration Load (0.1ms)[0m  [1mSELECT "schema_migrations".* FROM "schema_migrations"[0m
Migrating to SorceryCore (20150620172057)
  [1m[35m (0.1ms)[0m  begin transaction
DEPRECATION WARNING: `#timestamp` was called without specifying an option for `null`. In Rails 5, this behavior will change to `null: false`. You should manually specify `null: true` to prevent the behavior of your existing migrations from changing. (called from block in change at /Users/fayekeegan/Documents/AppAcademyPrep/JumpStart/06_20_blogger/db/migrate/20150620172057_sorcery_core.rb:9)
  [1m[36m (0.4ms)[0m  [1mCREATE TABLE "authors" ("id" INTEGER PRIMARY KEY AUTOINCREMENT NOT NULL, "username" varchar NOT NULL, "email" varchar NOT NULL, "crypted_password" varchar NOT NULL, "salt" varchar NOT NULL, "created_at" datetime, "updated_at" datetime) [0m
  [1m[35m (0.1ms)[0m  select sqlite_version(*)
  [1m[36m (0.3ms)[0m  [1mCREATE UNIQUE INDEX "index_authors_on_email" ON "authors" ("email")[0m
  [1m[35mSQL (0.2ms)[0m  INSERT INTO "schema_migrations" ("version") VALUES (?)  [["version", "20150620172057"]]
  [1m[36m (0.9ms)[0m  [1mcommit transaction[0m
  [1m[35mActiveRecord::SchemaMigration Load (0.1ms)[0m  SELECT "schema_migrations".* FROM "schema_migrations"
  [1m[36m (0.2ms)[0m  [1m            SELECT sql
            FROM sqlite_master
            WHERE name='index_authors_on_email' AND type='index'
            UNION ALL
            SELECT sql
            FROM sqlite_temp_master
            WHERE name='index_authors_on_email' AND type='index'
[0m
  [1m[35m (0.1ms)[0m              SELECT sql
            FROM sqlite_master
            WHERE name='index_comments_on_article_id' AND type='index'
            UNION ALL
            SELECT sql
            FROM sqlite_temp_master
            WHERE name='index_comments_on_article_id' AND type='index'

  [1m[36m (0.1ms)[0m  [1m            SELECT sql
            FROM sqlite_master
            WHERE name='index_taggings_on_article_id' AND type='index'
            UNION ALL
            SELECT sql
            FROM sqlite_temp_master
            WHERE name='index_taggings_on_article_id' AND type='index'
[0m
  [1m[35m (0.1ms)[0m              SELECT sql
            FROM sqlite_master
            WHERE name='index_taggings_on_tag_id' AND type='index'
            UNION ALL
            SELECT sql
            FROM sqlite_temp_master
            WHERE name='index_taggings_on_tag_id' AND type='index'



Started GET "/authors" for ::1 at 2015-06-20 13:24:44 -0400
  [1m[36mActiveRecord::SchemaMigration Load (0.1ms)[0m  [1mSELECT "schema_migrations".* FROM "schema_migrations"[0m

ActionController::RoutingError (No route matches [GET] "/authors"):
  actionpack (4.2.2) lib/action_dispatch/middleware/debug_exceptions.rb:21:in `call'
  web-console (2.1.3) lib/web_console/middleware.rb:37:in `call'
  actionpack (4.2.2) lib/action_dispatch/middleware/show_exceptions.rb:30:in `call'
  railties (4.2.2) lib/rails/rack/logger.rb:38:in `call_app'
  railties (4.2.2) lib/rails/rack/logger.rb:20:in `block in call'
  activesupport (4.2.2) lib/active_support/tagged_logging.rb:68:in `block in tagged'
  activesupport (4.2.2) lib/active_support/tagged_logging.rb:26:in `tagged'
  activesupport (4.2.2) lib/active_support/tagged_logging.rb:68:in `tagged'
  railties (4.2.2) lib/rails/rack/logger.rb:20:in `call'
  actionpack (4.2.2) lib/action_dispatch/middleware/request_id.rb:21:in `call'
  rack (1.6.2) lib/rack/methodoverride.rb:22:in `call'
  rack (1.6.2) lib/rack/runtime.rb:18:in `call'
  activesupport (4.2.2) lib/active_support/cache/strategy/local_cache_middleware.rb:28:in `call'
  rack (1.6.2) lib/rack/lock.rb:17:in `call'
  actionpack (4.2.2) lib/action_dispatch/middleware/static.rb:113:in `call'
  rack (1.6.2) lib/rack/sendfile.rb:113:in `call'
  railties (4.2.2) lib/rails/engine.rb:518:in `call'
  railties (4.2.2) lib/rails/application.rb:164:in `call'
  rack (1.6.2) lib/rack/lock.rb:17:in `call'
  rack (1.6.2) lib/rack/content_length.rb:15:in `call'
  rack (1.6.2) lib/rack/handler/webrick.rb:88:in `service'
  /Users/fayekeegan/.rvm/rubies/ruby-2.2.1/lib/ruby/2.2.0/webrick/httpserver.rb:138:in `service'
  /Users/fayekeegan/.rvm/rubies/ruby-2.2.1/lib/ruby/2.2.0/webrick/httpserver.rb:94:in `run'
  /Users/fayekeegan/.rvm/rubies/ruby-2.2.1/lib/ruby/2.2.0/webrick/server.rb:294:in `block in start_thread'


  Rendered /Users/fayekeegan/.rvm/gems/ruby-2.2.1@global/gems/actionpack-4.2.2/lib/action_dispatch/middleware/templates/rescues/_trace.html.erb (1.4ms)
  Rendered /Users/fayekeegan/.rvm/gems/ruby-2.2.1@global/gems/actionpack-4.2.2/lib/action_dispatch/middleware/templates/routes/_route.html.erb (1.9ms)
  Rendered /Users/fayekeegan/.rvm/gems/ruby-2.2.1@global/gems/actionpack-4.2.2/lib/action_dispatch/middleware/templates/routes/_table.html.erb (10.4ms)
  Rendered /Users/fayekeegan/.rvm/gems/ruby-2.2.1@global/gems/actionpack-4.2.2/lib/action_dispatch/middleware/templates/rescues/_request_and_response.html.erb (10.3ms)
  Rendered /Users/fayekeegan/.rvm/gems/ruby-2.2.1@global/gems/actionpack-4.2.2/lib/action_dispatch/middleware/templates/rescues/routing_error.html.erb within rescues/layout (105.7ms)
  Rendered /Users/fayekeegan/.rvm/gems/ruby-2.2.1/gems/web-console-2.1.3/lib/web_console/templates/_markup.html.erb (0.4ms)
  Rendered /Users/fayekeegan/.rvm/gems/ruby-2.2.1/gems/web-console-2.1.3/lib/web_console/templates/style.css.erb within layouts/inlined_string (0.3ms)
  Rendered /Users/fayekeegan/.rvm/gems/ruby-2.2.1/gems/web-console-2.1.3/lib/web_console/templates/_inner_console_markup.html.erb within layouts/inlined_string (0.3ms)
  Rendered /Users/fayekeegan/.rvm/gems/ruby-2.2.1/gems/web-console-2.1.3/lib/web_console/templates/_prompt_box_markup.html.erb within layouts/inlined_string (0.3ms)
  Rendered /Users/fayekeegan/.rvm/gems/ruby-2.2.1/gems/web-console-2.1.3/lib/web_console/templates/console.js.erb within layouts/javascript (42.6ms)
  Rendered /Users/fayekeegan/.rvm/gems/ruby-2.2.1/gems/web-console-2.1.3/lib/web_console/templates/main.js.erb within layouts/javascript (0.4ms)
  Rendered /Users/fayekeegan/.rvm/gems/ruby-2.2.1/gems/web-console-2.1.3/lib/web_console/templates/error_page.js.erb within layouts/javascript (0.4ms)
  Rendered /Users/fayekeegan/.rvm/gems/ruby-2.2.1/gems/web-console-2.1.3/lib/web_console/templates/index.html.erb (101.1ms)


Started GET "/articles" for ::1 at 2015-06-20 13:28:00 -0400
Processing by ArticlesController#index as HTML
  [1m[35mArticle Load (0.3ms)[0m  SELECT "articles".* FROM "articles"
  Rendered articles/index.html.erb within layouts/application (6.9ms)
Completed 200 OK in 591ms (Views: 582.1ms | ActiveRecord: 0.7ms)


Started GET "/assets/styles.self-6ff6eaa19c18f504dcd2dbb5633398c0b74d0def46ab4ce4f0574bbe7b63c29d.css?body=1" for ::1 at 2015-06-20 13:28:01 -0400


Started GET "/authors" for ::1 at 2015-06-20 13:28:01 -0400
Processing by AuthorsController#index as HTML
  [1m[36mAuthor Load (0.1ms)[0m  [1mSELECT "authors".* FROM "authors"[0m
  Rendered authors/index.html.erb within layouts/application (1.7ms)
Completed 200 OK in 42ms (Views: 38.9ms | ActiveRecord: 0.3ms)


Started GET "/authors/new" for ::1 at 2015-06-20 13:28:09 -0400
Processing by AuthorsController#new as HTML
  Rendered authors/_form.html.erb (41.3ms)
  Rendered authors/new.html.erb within layouts/application (44.6ms)
Completed 200 OK in 110ms (Views: 102.1ms | ActiveRecord: 0.3ms)


Started POST "/authors" for ::1 at 2015-06-20 13:29:14 -0400
Processing by AuthorsController#create as HTML
  Parameters: {"utf8"=>"✓", "authenticity_token"=>"Q2TMSwHwiMsZRGMZLjW+2sTIeLYJSnF9/vGqmhd+Tj3K1TnyucQpGmpAtyMAfrZ1H1YQLNHYEmb7VVBD6ZwheQ==", "author"=>{"username"=>"", "email"=>"admin@example.com", "password"=>"[FILTERED]", "password_confirmation"=>"[FILTERED]"}, "commit"=>"Create Author"}
  [1m[35m (0.1ms)[0m  begin transaction
  [1m[36mSQL (0.5ms)[0m  [1mINSERT INTO "authors" ("username", "email", "salt", "crypted_password", "created_at", "updated_at") VALUES (?, ?, ?, ?, ?, ?)[0m  [["username", ""], ["email", "admin@example.com"], ["salt", "cufwiynEfp8Ws2NoiV7p"], ["crypted_password", "$2a$10$x9eOmm45QVhiX22U.5qeS.wc/DHGiw0PPAjogR2Hwbq3yOic3mczC"], ["created_at", "2015-06-20 17:29:15.057046"], ["updated_at", "2015-06-20 17:29:15.057046"]]
  [1m[35m (1.4ms)[0m  commit transaction
Redirected to http://localhost:3000/authors/1
Completed 302 Found in 155ms (ActiveRecord: 2.0ms)


Started GET "/authors/1" for ::1 at 2015-06-20 13:29:15 -0400
Processing by AuthorsController#show as HTML
  Parameters: {"id"=>"1"}
  [1m[36mAuthor Load (0.2ms)[0m  [1mSELECT  "authors".* FROM "authors" WHERE "authors"."id" = ? LIMIT 1[0m  [["id", 1]]
  Rendered authors/show.html.erb within layouts/application (0.9ms)
Completed 200 OK in 58ms (Views: 49.3ms | ActiveRecord: 0.2ms)


Started POST "/authors" for ::1 at 2015-06-20 13:30:33 -0400
Processing by AuthorsController#create as HTML
  Parameters: {"utf8"=>"✓", "authenticity_token"=>"Q2TMSwHwiMsZRGMZLjW+2sTIeLYJSnF9/vGqmhd+Tj3K1TnyucQpGmpAtyMAfrZ1H1YQLNHYEmb7VVBD6ZwheQ==", "author"=>{"username"=>"", "email"=>"admin@example.com", "password"=>"[FILTERED]", "password_confirmation"=>"[FILTERED]"}, "commit"=>"Create Author"}
  [1m[35m (0.3ms)[0m  begin transaction
  [1m[36mSQL (0.9ms)[0m  [1mINSERT INTO "authors" ("username", "email", "created_at", "updated_at") VALUES (?, ?, ?, ?)[0m  [["username", ""], ["email", "admin@example.com"], ["created_at", "2015-06-20 17:30:33.075951"], ["updated_at", "2015-06-20 17:30:33.075951"]]
SQLite3::ConstraintException: NOT NULL constraint failed: authors.crypted_password: INSERT INTO "authors" ("username", "email", "created_at", "updated_at") VALUES (?, ?, ?, ?)
  [1m[35m (0.1ms)[0m  rollback transaction
Completed 500 Internal Server Error in 7ms (ActiveRecord: 1.3ms)

ActiveRecord::StatementInvalid (SQLite3::ConstraintException: NOT NULL constraint failed: authors.crypted_password: INSERT INTO "authors" ("username", "email", "created_at", "updated_at") VALUES (?, ?, ?, ?)):
  app/controllers/authors_controller.rb:30:in `block in create'
  app/controllers/authors_controller.rb:29:in `create'


  Rendered /Users/fayekeegan/.rvm/gems/ruby-2.2.1@global/gems/actionpack-4.2.2/lib/action_dispatch/middleware/templates/rescues/_source.erb (6.4ms)
  Rendered /Users/fayekeegan/.rvm/gems/ruby-2.2.1@global/gems/actionpack-4.2.2/lib/action_dispatch/middleware/templates/rescues/_trace.html.erb (3.0ms)
  Rendered /Users/fayekeegan/.rvm/gems/ruby-2.2.1@global/gems/actionpack-4.2.2/lib/action_dispatch/middleware/templates/rescues/_request_and_response.html.erb (1.1ms)
  Rendered /Users/fayekeegan/.rvm/gems/ruby-2.2.1@global/gems/actionpack-4.2.2/lib/action_dispatch/middleware/templates/rescues/diagnostics.html.erb within rescues/layout (57.4ms)
  Rendered /Users/fayekeegan/.rvm/gems/ruby-2.2.1/gems/web-console-2.1.3/lib/web_console/templates/_markup.html.erb (0.3ms)
  Rendered /Users/fayekeegan/.rvm/gems/ruby-2.2.1/gems/web-console-2.1.3/lib/web_console/templates/style.css.erb within layouts/inlined_string (0.3ms)
  Rendered /Users/fayekeegan/.rvm/gems/ruby-2.2.1/gems/web-console-2.1.3/lib/web_console/templates/_inner_console_markup.html.erb within layouts/inlined_string (0.3ms)
  Rendered /Users/fayekeegan/.rvm/gems/ruby-2.2.1/gems/web-console-2.1.3/lib/web_console/templates/_prompt_box_markup.html.erb within layouts/inlined_string (0.5ms)
  Rendered /Users/fayekeegan/.rvm/gems/ruby-2.2.1/gems/web-console-2.1.3/lib/web_console/templates/console.js.erb within layouts/javascript (41.4ms)
  Rendered /Users/fayekeegan/.rvm/gems/ruby-2.2.1/gems/web-console-2.1.3/lib/web_console/templates/main.js.erb within layouts/javascript (0.3ms)
  Rendered /Users/fayekeegan/.rvm/gems/ruby-2.2.1/gems/web-console-2.1.3/lib/web_console/templates/error_page.js.erb within layouts/javascript (0.4ms)
  Rendered /Users/fayekeegan/.rvm/gems/ruby-2.2.1/gems/web-console-2.1.3/lib/web_console/templates/index.html.erb (88.9ms)


Started GET "/authors/new" for ::1 at 2015-06-20 13:30:46 -0400
Processing by AuthorsController#new as HTML
  Rendered authors/_form.html.erb (4.6ms)
  Rendered authors/new.html.erb within layouts/application (5.9ms)
Completed 200 OK in 49ms (Views: 48.2ms | ActiveRecord: 0.0ms)


Started POST "/authors" for ::1 at 2015-06-20 13:30:57 -0400
Processing by AuthorsController#create as HTML
  Parameters: {"utf8"=>"✓", "authenticity_token"=>"vmsD9JKjAmsONgk82QrIK2HYXnSF6BVxOldQivOSiYs32vZNKpejun0y3Qb3QcCEukY27l16dmo/86pTDXDmzw==", "author"=>{"username"=>"Admin", "email"=>"admin@example.com", "password"=>"[FILTERED]", "password_confirmation"=>"[FILTERED]"}, "commit"=>"Create Author"}
  [1m[36m (0.1ms)[0m  [1mbegin transaction[0m
  [1m[35m (0.1ms)[0m  rollback transaction
  Rendered authors/_form.html.erb (2.5ms)
  Rendered authors/new.html.erb within layouts/application (3.7ms)
Completed 200 OK in 196ms (Views: 37.4ms | ActiveRecord: 0.1ms)


Started POST "/authors" for ::1 at 2015-06-20 13:31:04 -0400
Processing by AuthorsController#create as HTML
  Parameters: {"utf8"=>"✓", "authenticity_token"=>"cd5NBKEZQm6VOkskIjC2rGu0D3m1/sqqxOv9Ad0NwuP4b7i9GS3jv+Y+nx4Me74DsCpn421sqbHBTwfYI++tpw==", "author"=>{"username"=>"Admin", "email"=>"admin@example.com", "password"=>"[FILTERED]", "password_confirmation"=>"[FILTERED]"}, "commit"=>"Create Author"}
  [1m[36m (0.1ms)[0m  [1mbegin transaction[0m
  [1m[35mSQL (0.7ms)[0m  INSERT INTO "authors" ("username", "email", "salt", "crypted_password", "created_at", "updated_at") VALUES (?, ?, ?, ?, ?, ?)  [["username", "Admin"], ["email", "admin@example.com"], ["salt", "fFyqcuZ9byhhqDzvTR1W"], ["crypted_password", "$2a$10$gTZ9/GHipd39Gg9Fn5sK4.8F1Mm6JmSWSJWfuwLCGuEv35rjuGZbO"], ["created_at", "2015-06-20 17:31:04.295790"], ["updated_at", "2015-06-20 17:31:04.295790"]]
SQLite3::ConstraintException: UNIQUE constraint failed: authors.email: INSERT INTO "authors" ("username", "email", "salt", "crypted_password", "created_at", "updated_at") VALUES (?, ?, ?, ?, ?, ?)
  [1m[36m (0.1ms)[0m  [1mrollback transaction[0m
Completed 500 Internal Server Error in 147ms (ActiveRecord: 0.8ms)

ActiveRecord::RecordNotUnique (SQLite3::ConstraintException: UNIQUE constraint failed: authors.email: INSERT INTO "authors" ("username", "email", "salt", "crypted_password", "created_at", "updated_at") VALUES (?, ?, ?, ?, ?, ?)):
  app/controllers/authors_controller.rb:30:in `block in create'
  app/controllers/authors_controller.rb:29:in `create'


  Rendered /Users/fayekeegan/.rvm/gems/ruby-2.2.1@global/gems/actionpack-4.2.2/lib/action_dispatch/middleware/templates/rescues/_source.erb (5.6ms)
  Rendered /Users/fayekeegan/.rvm/gems/ruby-2.2.1@global/gems/actionpack-4.2.2/lib/action_dispatch/middleware/templates/rescues/_trace.html.erb (2.5ms)
  Rendered /Users/fayekeegan/.rvm/gems/ruby-2.2.1@global/gems/actionpack-4.2.2/lib/action_dispatch/middleware/templates/rescues/_request_and_response.html.erb (0.8ms)
  Rendered /Users/fayekeegan/.rvm/gems/ruby-2.2.1@global/gems/actionpack-4.2.2/lib/action_dispatch/middleware/templates/rescues/diagnostics.html.erb within rescues/layout (57.8ms)
  Rendered /Users/fayekeegan/.rvm/gems/ruby-2.2.1/gems/web-console-2.1.3/lib/web_console/templates/_markup.html.erb (0.3ms)
  Rendered /Users/fayekeegan/.rvm/gems/ruby-2.2.1/gems/web-console-2.1.3/lib/web_console/templates/style.css.erb within layouts/inlined_string (0.3ms)
  Rendered /Users/fayekeegan/.rvm/gems/ruby-2.2.1/gems/web-console-2.1.3/lib/web_console/templates/_inner_console_markup.html.erb within layouts/inlined_string (0.3ms)
  Rendered /Users/fayekeegan/.rvm/gems/ruby-2.2.1/gems/web-console-2.1.3/lib/web_console/templates/_prompt_box_markup.html.erb within layouts/inlined_string (0.3ms)
  Rendered /Users/fayekeegan/.rvm/gems/ruby-2.2.1/gems/web-console-2.1.3/lib/web_console/templates/console.js.erb within layouts/javascript (44.9ms)
  Rendered /Users/fayekeegan/.rvm/gems/ruby-2.2.1/gems/web-console-2.1.3/lib/web_console/templates/main.js.erb within layouts/javascript (0.2ms)
  Rendered /Users/fayekeegan/.rvm/gems/ruby-2.2.1/gems/web-console-2.1.3/lib/web_console/templates/error_page.js.erb within layouts/javascript (0.3ms)
  Rendered /Users/fayekeegan/.rvm/gems/ruby-2.2.1/gems/web-console-2.1.3/lib/web_console/templates/index.html.erb (93.6ms)


Started POST "/authors" for ::1 at 2015-06-20 13:31:34 -0400
Processing by AuthorsController#create as HTML
  Parameters: {"utf8"=>"✓", "authenticity_token"=>"cd5NBKEZQm6VOkskIjC2rGu0D3m1/sqqxOv9Ad0NwuP4b7i9GS3jv+Y+nx4Me74DsCpn421sqbHBTwfYI++tpw==", "author"=>{"username"=>"Admin2", "email"=>"admin2@example.com", "password"=>"[FILTERED]", "password_confirmation"=>"[FILTERED]"}, "commit"=>"Create Author"}
  [1m[35m (0.1ms)[0m  begin transaction
  [1m[36mSQL (0.3ms)[0m  [1mINSERT INTO "authors" ("username", "email", "salt", "crypted_password", "created_at", "updated_at") VALUES (?, ?, ?, ?, ?, ?)[0m  [["username", "Admin2"], ["email", "admin2@example.com"], ["salt", "xepdP4aQJfFqnxSyZCf5"], ["crypted_password", "$2a$10$cvohr5qiB.Wl0PF9f0XAF.O2COFmtnvsk0/f5m9rzl8nhE9NDguYC"], ["created_at", "2015-06-20 17:31:34.805023"], ["updated_at", "2015-06-20 17:31:34.805023"]]
  [1m[35m (1.4ms)[0m  commit transaction
Redirected to http://localhost:3000/authors/2
Completed 302 Found in 151ms (ActiveRecord: 1.8ms)


Started GET "/authors/2" for ::1 at 2015-06-20 13:31:34 -0400
Processing by AuthorsController#show as HTML
  Parameters: {"id"=>"2"}
  [1m[36mAuthor Load (0.1ms)[0m  [1mSELECT  "authors".* FROM "authors" WHERE "authors"."id" = ? LIMIT 1[0m  [["id", 2]]
  Rendered authors/show.html.erb within layouts/application (0.8ms)
Completed 200 OK in 51ms (Views: 50.6ms | ActiveRecord: 0.1ms)


Started GET "/authors" for ::1 at 2015-06-20 13:31:40 -0400
Processing by AuthorsController#index as HTML
  [1m[35mAuthor Load (0.1ms)[0m  SELECT "authors".* FROM "authors"
  Rendered authors/index.html.erb within layouts/application (1.8ms)
Completed 200 OK in 35ms (Views: 34.9ms | ActiveRecord: 0.1ms)


Started GET "/authors" for ::1 at 2015-06-20 13:32:33 -0400
Processing by AuthorsController#index as HTML
  [1m[36mAuthor Load (0.2ms)[0m  [1mSELECT "authors".* FROM "authors"[0m
  Rendered authors/index.html.erb within layouts/application (2.1ms)
Completed 200 OK in 41ms (Views: 40.1ms | ActiveRecord: 0.2ms)


Started GET "/assets/articles.self-e3b0c44298fc1c149afbf4c8996fb92427ae41e4649b934ca495991b7852b855.css?body=1" for ::1 at 2015-06-20 13:32:33 -0400


Started GET "/assets/screen.self-16f83778566f2ea814368100ac8e534d7de4921c8d7334c3f01cc357b90c6547.css?body=1" for ::1 at 2015-06-20 13:32:33 -0400


Started GET "/assets/comments.self-e3b0c44298fc1c149afbf4c8996fb92427ae41e4649b934ca495991b7852b855.css?body=1" for ::1 at 2015-06-20 13:32:33 -0400


Started GET "/assets/styles.self-6ff6eaa19c18f504dcd2dbb5633398c0b74d0def46ab4ce4f0574bbe7b63c29d.css?body=1" for ::1 at 2015-06-20 13:32:33 -0400


Started GET "/assets/tags.self-e3b0c44298fc1c149afbf4c8996fb92427ae41e4649b934ca495991b7852b855.css?body=1" for ::1 at 2015-06-20 13:32:33 -0400


Started GET "/assets/jquery.self-d03a5518f45df77341bdbe6201ba3bfa547ebba8ed64f0ea56bfa5f96ea7c074.js?body=1" for ::1 at 2015-06-20 13:32:33 -0400


Started GET "/assets/application.self-e80e8f2318043e8af94dddc2adad5a4f09739a8ebb323b3ab31cd71d45fd9113.css?body=1" for ::1 at 2015-06-20 13:32:33 -0400


Started GET "/assets/jquery_ujs.self-ca5248a2fad13d6bd58ea121318d642f195f0b2dd818b30615f785ff365e8d1f.js?body=1" for ::1 at 2015-06-20 13:32:33 -0400


Started GET "/assets/turbolinks.self-c37727e9bd6b2735da5c311aa83fead54ed0be6cc8bd9a65309e9c5abe2cbfff.js?body=1" for ::1 at 2015-06-20 13:32:33 -0400


Started GET "/assets/articles.self-877aef30ae1b040ab8a3aba4e3e309a11d7f2612f44dde450b5c157aa5f95c05.js?body=1" for ::1 at 2015-06-20 13:32:33 -0400


Started GET "/assets/comments.self-877aef30ae1b040ab8a3aba4e3e309a11d7f2612f44dde450b5c157aa5f95c05.js?body=1" for ::1 at 2015-06-20 13:32:33 -0400


Started GET "/assets/tags.self-877aef30ae1b040ab8a3aba4e3e309a11d7f2612f44dde450b5c157aa5f95c05.js?body=1" for ::1 at 2015-06-20 13:32:33 -0400


Started GET "/assets/application.self-3b8dabdc891efe46b9a144b400ad69e37d7e5876bdc39dee783419a69d7ca819.js?body=1" for ::1 at 2015-06-20 13:32:33 -0400


Started GET "/authors" for ::1 at 2015-06-20 13:34:29 -0400
Processing by AuthorsController#index as HTML
  [1m[35mAuthor Load (0.2ms)[0m  SELECT "authors".* FROM "authors"
  Rendered authors/index.html.erb within layouts/application (1.3ms)
Completed 200 OK in 39ms (Views: 38.1ms | ActiveRecord: 0.1ms)


Started GET "/" for ::1 at 2015-06-20 13:43:15 -0400
Processing by ArticlesController#index as HTML
  [1m[36mArticle Load (0.3ms)[0m  [1mSELECT "articles".* FROM "articles"[0m
  Rendered articles/index.html.erb within layouts/application (6.1ms)
Completed 200 OK in 189ms (Views: 182.4ms | ActiveRecord: 0.6ms)


Started GET "/assets/author_sessions.self-e3b0c44298fc1c149afbf4c8996fb92427ae41e4649b934ca495991b7852b855.css?body=1" for ::1 at 2015-06-20 13:43:15 -0400


Started GET "/assets/author_sessions.self-877aef30ae1b040ab8a3aba4e3e309a11d7f2612f44dde450b5c157aa5f95c05.js?body=1" for ::1 at 2015-06-20 13:43:15 -0400


Started GET "/articles/new" for ::1 at 2015-06-20 13:43:22 -0400
Processing by ArticlesController#new as HTML
  Rendered articles/_form.html.erb (30.8ms)
  Rendered articles/new.html.erb within layouts/application (33.2ms)
Completed 200 OK in 73ms (Views: 72.4ms | ActiveRecord: 0.2ms)


Started POST "/articles" for ::1 at 2015-06-20 13:45:02 -0400
Processing by ArticlesController#create as HTML
  Parameters: {"utf8"=>"✓", "authenticity_token"=>"6SO91AfPIal1kZUiPvwfveL6619VdhlqtBIg8dzvxwNgkkhtv/uAeAaVQRgQtxcSOWSDxY3kenGxttooIg2oRw==", "article"=>{"title"=>"Sample Article 2", "body"=>"Sample Article 2 Sample Article 2Sample Article 2Sample Article 2Sample Article 2Sample Article 2Sample Article 2Sample Article 2Sample Article 2Sample Article 2Sample Article 2Sample Article 2Sample Article 2Sample Article 2Sample Article 2Sample Article 2Sample Article 2Sample Article 2Sample Article 2Sample Article 2Sample Article 2Sample Article 2Sample Article 2Sample Article 2Sample Article 2Sample Article 2Sample Article 2Sample Article 2Sample Article 2Sample Article 2Sample Article 2Sample Article 2Sample Article 2Sample Article 2Sample Article 2Sample Article 2Sample Article 2Sample Article 2Sample Article 2Sample Article 2Sample Article 2Sample Article 2", "tag_list"=>"ruby", "image"=>#<ActionDispatch::Http::UploadedFile:0x007f942787aec0 @tempfile=#<Tempfile:/var/folders/jc/gn49m9hd7_7cpbfmn5twnjk00000gn/T/RackMultipart20150620-37604-n1xxi1.png>, @original_filename="dinosaur.png", @content_type="image/png", @headers="Content-Disposition: form-data; name=\"article[image]\"; filename=\"dinosaur.png\"\r\nContent-Type: image/png\r\n">}, "commit"=>"Create Article"}
  [1m[35mTag Load (0.2ms)[0m  SELECT  "tags".* FROM "tags" WHERE "tags"."name" = ? LIMIT 1  [["name", "ruby"]]
Command :: file -b --mime '/var/folders/jc/gn49m9hd7_7cpbfmn5twnjk00000gn/T/03318769a5ee1354f7479acc69755e7c20150620-37604-1w3yrhh.png'
  [1m[36m (0.1ms)[0m  [1mbegin transaction[0m
Command :: file -b --mime '/var/folders/jc/gn49m9hd7_7cpbfmn5twnjk00000gn/T/03318769a5ee1354f7479acc69755e7c20150620-37604-1fv252e.png'
  [1m[35mSQL (0.4ms)[0m  INSERT INTO "articles" ("title", "body", "image_file_name", "image_content_type", "image_file_size", "image_updated_at", "created_at", "updated_at") VALUES (?, ?, ?, ?, ?, ?, ?, ?)  [["title", "Sample Article 2"], ["body", "Sample Article 2 Sample Article 2Sample Article 2Sample Article 2Sample Article 2Sample Article 2Sample Article 2Sample Article 2Sample Article 2Sample Article 2Sample Article 2Sample Article 2Sample Article 2Sample Article 2Sample Article 2Sample Article 2Sample Article 2Sample Article 2Sample Article 2Sample Article 2Sample Article 2Sample Article 2Sample Article 2Sample Article 2Sample Article 2Sample Article 2Sample Article 2Sample Article 2Sample Article 2Sample Article 2Sample Article 2Sample Article 2Sample Article 2Sample Article 2Sample Article 2Sample Article 2Sample Article 2Sample Article 2Sample Article 2Sample Article 2Sample Article 2Sample Article 2"], ["image_file_name", "dinosaur.png"], ["image_content_type", "image/png"], ["image_file_size", 204968], ["image_updated_at", "2015-06-20 17:45:02.798473"], ["created_at", "2015-06-20 17:45:02.823528"], ["updated_at", "2015-06-20 17:45:02.823528"]]
  [1m[36mSQL (0.2ms)[0m  [1mINSERT INTO "taggings" ("tag_id", "article_id", "created_at", "updated_at") VALUES (?, ?, ?, ?)[0m  [["tag_id", 1], ["article_id", 2], ["created_at", "2015-06-20 17:45:02.826406"], ["updated_at", "2015-06-20 17:45:02.826406"]]
  [1m[35m (0.8ms)[0m  commit transaction
Redirected to http://localhost:3000/articles/2
Completed 302 Found in 50ms (ActiveRecord: 2.0ms)


Started GET "/articles/2" for ::1 at 2015-06-20 13:45:02 -0400
Processing by ArticlesController#show as HTML
  Parameters: {"id"=>"2"}
  [1m[36mArticle Load (0.2ms)[0m  [1mSELECT  "articles".* FROM "articles" WHERE "articles"."id" = ? LIMIT 1[0m  [["id", 2]]
  [1m[35mTag Load (0.2ms)[0m  SELECT "tags".* FROM "tags" INNER JOIN "taggings" ON "tags"."id" = "taggings"."tag_id" WHERE "taggings"."article_id" = ?  [["article_id", 2]]
  Rendered comments/_form.html.erb (3.2ms)
  [1m[36m (0.2ms)[0m  [1mSELECT COUNT(*) FROM "comments" WHERE "comments"."article_id" = ?[0m  [["article_id", 2]]
  Rendered articles/_comment.html.erb (0.0ms)
  Rendered articles/show.html.erb within layouts/application (20.4ms)
Completed 200 OK in 78ms (Views: 68.2ms | ActiveRecord: 0.8ms)


Started GET "/articles/2/edit" for ::1 at 2015-06-20 13:45:19 -0400
Processing by ArticlesController#edit as HTML
  Parameters: {"id"=>"2"}
  [1m[35mArticle Load (0.1ms)[0m  SELECT  "articles".* FROM "articles" WHERE "articles"."id" = ? LIMIT 1  [["id", 2]]
  [1m[36mTag Load (0.1ms)[0m  [1mSELECT "tags".* FROM "tags" INNER JOIN "taggings" ON "tags"."id" = "taggings"."tag_id" WHERE "taggings"."article_id" = ?[0m  [["article_id", 2]]
  Rendered articles/_form.html.erb (4.0ms)
  Rendered articles/edit.html.erb within layouts/application (5.8ms)
Completed 200 OK in 59ms (Views: 57.7ms | ActiveRecord: 0.2ms)


Started PATCH "/articles/2" for ::1 at 2015-06-20 13:45:28 -0400
Processing by ArticlesController#update as HTML
  Parameters: {"utf8"=>"✓", "authenticity_token"=>"QiIe2G6+iL3FzdhTWm7NW2RH6oHlef/MtFaWnRT57xvLk+th1oopbLbJDGl0JcX0v9mCGz3rnNex8mxE6huAXw==", "article"=>{"title"=>"Sample Article 2", "body"=>"Sample Article 2 Sample Article 2Sample Article 2Sample Article 2Sample Article 2Sample Article 2Sample Article 2Sample Article 2Sample Article 2Sample Article 2Sample Article 2Sample Article 2Sample Article 2Sample Article 2Sample Article 2Sample Article 2Sample Article 2Sample Article 2Sample Article 2Sample Article 2Sample Article 2Sample Article 2Sample Article 2Sample Article 2Sample Article 2Sample Article 2Sample Article 2Sample Article 2Sample Article 2Sample Article 2Sample Article 2Sample Article 2Sample Article 2Sample Article 2Sample Article 2Sample Article 2Sample Article 2Sample Article 2Sample Article 2Sample Article 2Sample Article 2Sample Article 2", "tag_list"=>"ruby", "image"=>#<ActionDispatch::Http::UploadedFile:0x007f9427a10d48 @tempfile=#<Tempfile:/var/folders/jc/gn49m9hd7_7cpbfmn5twnjk00000gn/T/RackMultipart20150620-37604-1j1imuk.jpg>, @original_filename="little_pig_with_red_shoes.jpg", @content_type="image/jpeg", @headers="Content-Disposition: form-data; name=\"article[image]\"; filename=\"little_pig_with_red_shoes.jpg\"\r\nContent-Type: image/jpeg\r\n">}, "commit"=>"Update Article", "id"=>"2"}
  [1m[35mArticle Load (0.1ms)[0m  SELECT  "articles".* FROM "articles" WHERE "articles"."id" = ? LIMIT 1  [["id", 2]]
  [1m[36m (0.1ms)[0m  [1mbegin transaction[0m
  [1m[35mTag Load (0.1ms)[0m  SELECT  "tags".* FROM "tags" WHERE "tags"."name" = ? LIMIT 1  [["name", "ruby"]]
  [1m[36mTag Load (0.1ms)[0m  [1mSELECT "tags".* FROM "tags" INNER JOIN "taggings" ON "tags"."id" = "taggings"."tag_id" WHERE "taggings"."article_id" = ?[0m  [["article_id", 2]]
Command :: file -b --mime '/var/folders/jc/gn49m9hd7_7cpbfmn5twnjk00000gn/T/d85f0f9d232a5f14825f9e8f971d670020150620-37604-e2zzn8.jpg'
Command :: file -b --mime '/var/folders/jc/gn49m9hd7_7cpbfmn5twnjk00000gn/T/d85f0f9d232a5f14825f9e8f971d670020150620-37604-4yfq2h.jpg'
  [1m[35mSQL (1.2ms)[0m  UPDATE "articles" SET "image_file_name" = ?, "image_content_type" = ?, "image_file_size" = ?, "image_updated_at" = ?, "updated_at" = ? WHERE "articles"."id" = ?  [["image_file_name", "little_pig_with_red_shoes.jpg"], ["image_content_type", "image/jpeg"], ["image_file_size", 52304], ["image_updated_at", "2015-06-20 17:45:28.186690"], ["updated_at", "2015-06-20 17:45:28.203935"], ["id", 2]]
[paperclip] deleting /Users/fayekeegan/Documents/AppAcademyPrep/JumpStart/06_20_blogger/public/system/articles/images/000/000/002/original/dinosaur.png
  [1m[36m (0.7ms)[0m  [1mcommit transaction[0m
Redirected to http://localhost:3000/articles
Completed 302 Found in 38ms (ActiveRecord: 2.3ms)


Started GET "/articles" for ::1 at 2015-06-20 13:45:28 -0400
Processing by ArticlesController#index as HTML
  [1m[35mArticle Load (0.1ms)[0m  SELECT "articles".* FROM "articles"
  Rendered articles/index.html.erb within layouts/application (1.3ms)
Completed 200 OK in 45ms (Views: 43.8ms | ActiveRecord: 0.1ms)


Started GET "/articles/2" for ::1 at 2015-06-20 13:45:29 -0400
Processing by ArticlesController#show as HTML
  Parameters: {"id"=>"2"}
  [1m[36mArticle Load (0.1ms)[0m  [1mSELECT  "articles".* FROM "articles" WHERE "articles"."id" = ? LIMIT 1[0m  [["id", 2]]
  [1m[35mTag Load (0.1ms)[0m  SELECT "tags".* FROM "tags" INNER JOIN "taggings" ON "tags"."id" = "taggings"."tag_id" WHERE "taggings"."article_id" = ?  [["article_id", 2]]
  Rendered comments/_form.html.erb (1.3ms)
  [1m[36m (0.1ms)[0m  [1mSELECT COUNT(*) FROM "comments" WHERE "comments"."article_id" = ?[0m  [["article_id", 2]]
  Rendered articles/_comment.html.erb (0.0ms)
  Rendered articles/show.html.erb within layouts/application (9.1ms)
Completed 200 OK in 52ms (Views: 51.2ms | ActiveRecord: 0.3ms)


Started GET "/login" for ::1 at 2015-06-20 13:47:04 -0400
Processing by AuthorSessionsController#new as HTML
  Rendered author_sessions/new.html.erb within layouts/application (1.0ms)
Completed 200 OK in 45ms (Views: 44.9ms | ActiveRecord: 0.0ms)


Started POST "/author_sessions" for ::1 at 2015-06-20 13:47:22 -0400
Processing by AuthorSessionsController#create as HTML
  Parameters: {"utf8"=>"✓", "authenticity_token"=>"Mt69Z0kNFZ7zEclgWz/0QFnY6odR1IF52mq1SERwRia7b0je8Tm0T4AVHVp1dPzvgkaCHYlG4mLfzk+RupIpYg==", "email"=>"admin2@example.com", "password"=>"[FILTERED]", "commit"=>"Login"}
  [1m[35mAuthor Load (0.6ms)[0m  SELECT  "authors".* FROM "authors" WHERE "authors"."email" = 'admin2@example.com'  ORDER BY "authors"."id" ASC LIMIT 1
Redirected to http://localhost:3000/articles
Completed 302 Found in 163ms (ActiveRecord: 1.0ms)


Started GET "/articles" for ::1 at 2015-06-20 13:47:22 -0400
Processing by ArticlesController#index as HTML
  [1m[36mArticle Load (0.1ms)[0m  [1mSELECT "articles".* FROM "articles"[0m
  Rendered articles/index.html.erb within layouts/application (0.9ms)
  [1m[35mAuthor Load (0.3ms)[0m  SELECT  "authors".* FROM "authors" WHERE "authors"."id" = ? LIMIT 1  [["id", 2]]
Completed 200 OK in 55ms (Views: 54.2ms | ActiveRecord: 0.4ms)


Started GET "/logout" for ::1 at 2015-06-20 13:47:24 -0400
Processing by AuthorSessionsController#destroy as HTML
  [1m[36mAuthor Load (0.2ms)[0m  [1mSELECT  "authors".* FROM "authors" WHERE "authors"."id" = ? LIMIT 1[0m  [["id", 2]]
Redirected to http://localhost:3000/authors
Completed 302 Found in 2ms (ActiveRecord: 0.2ms)


Started GET "/authors" for ::1 at 2015-06-20 13:47:24 -0400
Processing by AuthorsController#index as HTML
  [1m[35mAuthor Load (0.1ms)[0m  SELECT "authors".* FROM "authors"
  Rendered authors/index.html.erb within layouts/application (1.9ms)
Completed 200 OK in 42ms (Views: 41.5ms | ActiveRecord: 0.1ms)


Started GET "/login" for ::1 at 2015-06-20 13:47:31 -0400
Processing by AuthorSessionsController#new as HTML
  Rendered author_sessions/new.html.erb within layouts/application (0.5ms)
Completed 200 OK in 40ms (Views: 39.2ms | ActiveRecord: 0.0ms)


Started POST "/author_sessions" for ::1 at 2015-06-20 13:47:43 -0400
Processing by AuthorSessionsController#create as HTML
  Parameters: {"utf8"=>"✓", "authenticity_token"=>"dAiylbbBMnslhl0Gy8Lt0Dc7Xq+9Q1uDMHor/A4JBZCIikNN0hWokFv3aLMWHdu+nRi5WkqC4OfOn7tlZi/c6w==", "email"=>"admin@example.com", "password"=>"[FILTERED]", "commit"=>"Login"}
  [1m[36mAuthor Load (0.4ms)[0m  [1mSELECT  "authors".* FROM "authors" WHERE "authors"."email" = 'admin@example.com'  ORDER BY "authors"."id" ASC LIMIT 1[0m
Redirected to http://localhost:3000/articles
Completed 302 Found in 154ms (ActiveRecord: 0.4ms)


Started GET "/articles" for ::1 at 2015-06-20 13:47:43 -0400
Processing by ArticlesController#index as HTML
  [1m[35mArticle Load (0.1ms)[0m  SELECT "articles".* FROM "articles"
  Rendered articles/index.html.erb within layouts/application (0.8ms)
  [1m[36mAuthor Load (0.2ms)[0m  [1mSELECT  "authors".* FROM "authors" WHERE "authors"."id" = ? LIMIT 1[0m  [["id", 1]]
Completed 200 OK in 40ms (Views: 39.1ms | ActiveRecord: 0.3ms)


Started GET "/logout" for ::1 at 2015-06-20 13:47:45 -0400
Processing by AuthorSessionsController#destroy as HTML
  [1m[35mAuthor Load (0.1ms)[0m  SELECT  "authors".* FROM "authors" WHERE "authors"."id" = ? LIMIT 1  [["id", 1]]
Redirected to http://localhost:3000/authors
Completed 302 Found in 1ms (ActiveRecord: 0.1ms)


Started GET "/authors" for ::1 at 2015-06-20 13:47:45 -0400
Processing by AuthorsController#index as HTML
  [1m[36mAuthor Load (0.1ms)[0m  [1mSELECT "authors".* FROM "authors"[0m
  Rendered authors/index.html.erb within layouts/application (1.0ms)
Completed 200 OK in 39ms (Views: 38.3ms | ActiveRecord: 0.1ms)


Started GET "/logout" for ::1 at 2015-06-20 13:47:59 -0400
Processing by AuthorSessionsController#destroy as HTML
Redirected to http://localhost:3000/authors
Completed 302 Found in 1ms (ActiveRecord: 0.0ms)


Started GET "/authors" for ::1 at 2015-06-20 13:47:59 -0400
Processing by AuthorsController#index as HTML
  [1m[35mAuthor Load (0.2ms)[0m  SELECT "authors".* FROM "authors"
  Rendered authors/index.html.erb within layouts/application (1.3ms)
Completed 200 OK in 49ms (Views: 47.4ms | ActiveRecord: 0.2ms)


Started GET "/articles" for ::1 at 2015-06-20 13:48:27 -0400
  [1m[36mActiveRecord::SchemaMigration Load (0.1ms)[0m  [1mSELECT "schema_migrations".* FROM "schema_migrations"[0m
Processing by ArticlesController#index as HTML
  [1m[35mArticle Load (0.4ms)[0m  SELECT "articles".* FROM "articles"
  Rendered articles/index.html.erb within layouts/application (12.5ms)
Completed 200 OK in 274ms (Views: 254.2ms | ActiveRecord: 0.9ms)


Started GET "/login" for ::1 at 2015-06-20 13:48:31 -0400
Processing by AuthorSessionsController#new as HTML
  Rendered author_sessions/new.html.erb within layouts/application (2.0ms)
Completed 200 OK in 43ms (Views: 42.4ms | ActiveRecord: 0.0ms)


Started POST "/author_sessions" for ::1 at 2015-06-20 13:48:38 -0400
Processing by AuthorSessionsController#create as HTML
  Parameters: {"utf8"=>"✓", "authenticity_token"=>"aouNjLvtfImhuQITpfLaGrL1MQZO4Dpq9Ii25jk0v3MNhR8YMaf7f+VmLkw4gFiX0XvfA63Kliq0HrGCZiUzVQ==", "email"=>"admin2@example.com", "password"=>"[FILTERED]", "commit"=>"Login"}
  [1m[36mAuthor Load (0.2ms)[0m  [1mSELECT  "authors".* FROM "authors" WHERE "authors"."email" = 'admin2@example.com'  ORDER BY "authors"."id" ASC LIMIT 1[0m
Redirected to http://localhost:3000/articles
Completed 302 Found in 156ms (ActiveRecord: 0.4ms)


Started GET "/articles" for ::1 at 2015-06-20 13:48:38 -0400
Processing by ArticlesController#index as HTML
  [1m[35mArticle Load (0.2ms)[0m  SELECT "articles".* FROM "articles"
  Rendered articles/index.html.erb within layouts/application (0.9ms)
  [1m[36mAuthor Load (0.3ms)[0m  [1mSELECT  "authors".* FROM "authors" WHERE "authors"."id" = ? LIMIT 1[0m  [["id", 2]]
Completed 200 OK in 74ms (Views: 72.6ms | ActiveRecord: 0.4ms)


Started GET "/logout" for ::1 at 2015-06-20 13:48:44 -0400
Processing by AuthorSessionsController#destroy as HTML
  [1m[35mAuthor Load (0.1ms)[0m  SELECT  "authors".* FROM "authors" WHERE "authors"."id" = ? LIMIT 1  [["id", 2]]
Redirected to http://localhost:3000/authors
Completed 302 Found in 2ms (ActiveRecord: 0.1ms)


Started GET "/authors" for ::1 at 2015-06-20 13:48:44 -0400
Processing by AuthorsController#index as HTML
  [1m[36mAuthor Load (0.2ms)[0m  [1mSELECT "authors".* FROM "authors"[0m
  Rendered authors/index.html.erb within layouts/application (2.4ms)
Completed 200 OK in 76ms (Views: 75.6ms | ActiveRecord: 0.2ms)


Started GET "/login" for ::1 at 2015-06-20 13:52:55 -0400
Processing by AuthorSessionsController#new as HTML
  Rendered author_sessions/new.html.erb within layouts/application (0.9ms)
Completed 200 OK in 41ms (Views: 40.1ms | ActiveRecord: 0.0ms)


Started POST "/author_sessions" for ::1 at 2015-06-20 13:53:05 -0400
Processing by AuthorSessionsController#create as HTML
  Parameters: {"utf8"=>"✓", "authenticity_token"=>"I6bmRSWM26EctDYmjE29EhdNykEDsof2K3mHf739cVxE2wBqAEi2eni6raZ4KFxeuSSXB95GXit+nfIt7vuO8w==", "email"=>"admin2@example.com", "password"=>"[FILTERED]", "commit"=>"Login"}
  [1m[35mAuthor Load (0.1ms)[0m  SELECT  "authors".* FROM "authors" WHERE "authors"."email" = 'admin2@example.com'  ORDER BY "authors"."id" ASC LIMIT 1
Redirected to http://localhost:3000/articles
Completed 302 Found in 145ms (ActiveRecord: 0.6ms)


Started GET "/articles" for ::1 at 2015-06-20 13:53:05 -0400
Processing by ArticlesController#index as HTML
  [1m[36mArticle Load (0.1ms)[0m  [1mSELECT "articles".* FROM "articles"[0m
  Rendered articles/index.html.erb within layouts/application (4.3ms)
  [1m[35mAuthor Load (0.1ms)[0m  SELECT  "authors".* FROM "authors" WHERE "authors"."id" = ? LIMIT 1  [["id", 2]]
Completed 200 OK in 45ms (Views: 40.6ms | ActiveRecord: 0.4ms)


Started GET "/authors" for ::1 at 2015-06-20 13:53:16 -0400
Processing by AuthorsController#index as HTML
  [1m[36mAuthor Load (0.2ms)[0m  [1mSELECT "authors".* FROM "authors"[0m
  Rendered authors/index.html.erb within layouts/application (2.7ms)
  [1m[35mAuthor Load (0.1ms)[0m  SELECT  "authors".* FROM "authors" WHERE "authors"."id" = ? LIMIT 1  [["id", 2]]
Completed 200 OK in 40ms (Views: 38.9ms | ActiveRecord: 0.2ms)


Started GET "/authors/new" for ::1 at 2015-06-20 13:53:16 -0400
Processing by AuthorsController#new as HTML
  [1m[36m (0.2ms)[0m  [1mSELECT COUNT(*) FROM "authors"[0m
  [1m[35mAuthor Load (0.1ms)[0m  SELECT  "authors".* FROM "authors" WHERE "authors"."id" = ? LIMIT 1  [["id", 2]]
  Rendered authors/_form.html.erb (27.6ms)
  Rendered authors/new.html.erb within layouts/application (31.7ms)
Completed 200 OK in 80ms (Views: 77.8ms | ActiveRecord: 0.3ms)


Started GET "/logout" for ::1 at 2015-06-20 13:53:51 -0400
Processing by AuthorSessionsController#destroy as HTML
  [1m[36mAuthor Load (0.1ms)[0m  [1mSELECT  "authors".* FROM "authors" WHERE "authors"."id" = ? LIMIT 1[0m  [["id", 2]]
Redirected to http://localhost:3000/authors
Completed 302 Found in 9ms (ActiveRecord: 0.6ms)


Started GET "/authors" for ::1 at 2015-06-20 13:53:51 -0400
Processing by AuthorsController#index as HTML
  [1m[35mAuthor Load (0.1ms)[0m  SELECT "authors".* FROM "authors"
  Rendered authors/index.html.erb within layouts/application (1.5ms)
Completed 200 OK in 41ms (Views: 40.0ms | ActiveRecord: 0.1ms)


Started GET "/authors/new" for ::1 at 2015-06-20 13:53:55 -0400
Processing by AuthorsController#new as HTML
  [1m[36m (0.1ms)[0m  [1mSELECT COUNT(*) FROM "authors"[0m
Redirected to http://localhost:3000/
Filter chain halted as :zero_authors_or_authenticated rendered or redirected
Completed 302 Found in 1ms (ActiveRecord: 0.1ms)


Started GET "/" for ::1 at 2015-06-20 13:53:55 -0400
Processing by ArticlesController#index as HTML
  [1m[35mArticle Load (0.2ms)[0m  SELECT "articles".* FROM "articles"
  Rendered articles/index.html.erb within layouts/application (4.9ms)
Completed 200 OK in 52ms (Views: 47.1ms | ActiveRecord: 0.4ms)


Started GET "/authors/new" for ::1 at 2015-06-20 13:54:02 -0400
Processing by AuthorsController#new as HTML
  [1m[36m (0.1ms)[0m  [1mSELECT COUNT(*) FROM "authors"[0m
Redirected to http://localhost:3000/
Filter chain halted as :zero_authors_or_authenticated rendered or redirected
Completed 302 Found in 1ms (ActiveRecord: 0.1ms)


Started GET "/" for ::1 at 2015-06-20 13:54:02 -0400
Processing by ArticlesController#index as HTML
  [1m[35mArticle Load (0.1ms)[0m  SELECT "articles".* FROM "articles"
  Rendered articles/index.html.erb within layouts/application (0.7ms)
Completed 200 OK in 44ms (Views: 43.8ms | ActiveRecord: 0.1ms)


Started GET "/" for ::1 at 2015-06-20 13:58:17 -0400
  [1m[36mActiveRecord::SchemaMigration Load (0.1ms)[0m  [1mSELECT "schema_migrations".* FROM "schema_migrations"[0m
Processing by ArticlesController#index as HTML
  [1m[35mArticle Load (0.2ms)[0m  SELECT "articles".* FROM "articles"
  Rendered articles/index.html.erb within layouts/application (6.5ms)
Completed 200 OK in 318ms (Views: 305.1ms | ActiveRecord: 0.4ms)


Started GET "/assets/author_sessions.self-e3b0c44298fc1c149afbf4c8996fb92427ae41e4649b934ca495991b7852b855.css?body=1" for ::1 at 2015-06-20 13:58:17 -0400


Started GET "/assets/articles.self-e3b0c44298fc1c149afbf4c8996fb92427ae41e4649b934ca495991b7852b855.css?body=1" for ::1 at 2015-06-20 13:58:17 -0400


Started GET "/assets/screen.self-16f83778566f2ea814368100ac8e534d7de4921c8d7334c3f01cc357b90c6547.css?body=1" for ::1 at 2015-06-20 13:58:17 -0400


Started GET "/assets/tags.self-e3b0c44298fc1c149afbf4c8996fb92427ae41e4649b934ca495991b7852b855.css?body=1" for ::1 at 2015-06-20 13:58:17 -0400


Started GET "/assets/comments.self-e3b0c44298fc1c149afbf4c8996fb92427ae41e4649b934ca495991b7852b855.css?body=1" for ::1 at 2015-06-20 13:58:17 -0400


Started GET "/assets/styles.self-6ff6eaa19c18f504dcd2dbb5633398c0b74d0def46ab4ce4f0574bbe7b63c29d.css?body=1" for ::1 at 2015-06-20 13:58:17 -0400


Started GET "/assets/application.self-e80e8f2318043e8af94dddc2adad5a4f09739a8ebb323b3ab31cd71d45fd9113.css?body=1" for ::1 at 2015-06-20 13:58:17 -0400


Started GET "/assets/jquery.self-d03a5518f45df77341bdbe6201ba3bfa547ebba8ed64f0ea56bfa5f96ea7c074.js?body=1" for ::1 at 2015-06-20 13:58:17 -0400


Started GET "/assets/jquery_ujs.self-ca5248a2fad13d6bd58ea121318d642f195f0b2dd818b30615f785ff365e8d1f.js?body=1" for ::1 at 2015-06-20 13:58:17 -0400


Started GET "/assets/turbolinks.self-c37727e9bd6b2735da5c311aa83fead54ed0be6cc8bd9a65309e9c5abe2cbfff.js?body=1" for ::1 at 2015-06-20 13:58:17 -0400


Started GET "/assets/articles.self-877aef30ae1b040ab8a3aba4e3e309a11d7f2612f44dde450b5c157aa5f95c05.js?body=1" for ::1 at 2015-06-20 13:58:17 -0400


Started GET "/assets/author_sessions.self-877aef30ae1b040ab8a3aba4e3e309a11d7f2612f44dde450b5c157aa5f95c05.js?body=1" for ::1 at 2015-06-20 13:58:17 -0400


Started GET "/assets/comments.self-877aef30ae1b040ab8a3aba4e3e309a11d7f2612f44dde450b5c157aa5f95c05.js?body=1" for ::1 at 2015-06-20 13:58:17 -0400


Started GET "/assets/tags.self-877aef30ae1b040ab8a3aba4e3e309a11d7f2612f44dde450b5c157aa5f95c05.js?body=1" for ::1 at 2015-06-20 13:58:17 -0400


Started GET "/assets/application.self-3b8dabdc891efe46b9a144b400ad69e37d7e5876bdc39dee783419a69d7ca819.js?body=1" for ::1 at 2015-06-20 13:58:17 -0400


Started GET "/articles/1" for ::1 at 2015-06-20 14:04:43 -0400
Processing by ArticlesController#show as HTML
  Parameters: {"id"=>"1"}
  [1m[36mArticle Load (0.2ms)[0m  [1mSELECT  "articles".* FROM "articles" WHERE "articles"."id" = ? LIMIT 1[0m  [["id", 1]]
  [1m[35mTag Load (0.2ms)[0m  SELECT "tags".* FROM "tags" INNER JOIN "taggings" ON "tags"."id" = "taggings"."tag_id" WHERE "taggings"."article_id" = ?  [["article_id", 1]]
  Rendered comments/_form.html.erb (14.2ms)
  [1m[36m (0.2ms)[0m  [1mSELECT COUNT(*) FROM "comments" WHERE "comments"."article_id" = ?[0m  [["article_id", 1]]
  Rendered articles/_comment.html.erb (0.0ms)
  Rendered articles/show.html.erb within layouts/application (55.4ms)
Completed 200 OK in 117ms (Views: 88.9ms | ActiveRecord: 1.8ms)


Started GET "/articles/1" for ::1 at 2015-06-20 14:06:21 -0400
Processing by ArticlesController#show as HTML
  Parameters: {"id"=>"1"}
  [1m[35mArticle Load (0.1ms)[0m  SELECT  "articles".* FROM "articles" WHERE "articles"."id" = ? LIMIT 1  [["id", 1]]
  [1m[36mTag Load (0.1ms)[0m  [1mSELECT "tags".* FROM "tags" INNER JOIN "taggings" ON "tags"."id" = "taggings"."tag_id" WHERE "taggings"."article_id" = ?[0m  [["article_id", 1]]
  Rendered comments/_form.html.erb (1.1ms)
  Rendered articles/show.html.erb within layouts/application (5.5ms)
Completed 200 OK in 68ms (Views: 66.9ms | ActiveRecord: 0.2ms)


Started GET "/assets/articles.self-e3b0c44298fc1c149afbf4c8996fb92427ae41e4649b934ca495991b7852b855.css?body=1" for ::1 at 2015-06-20 14:06:21 -0400


Started GET "/assets/author_sessions.self-e3b0c44298fc1c149afbf4c8996fb92427ae41e4649b934ca495991b7852b855.css?body=1" for ::1 at 2015-06-20 14:06:21 -0400


Started GET "/assets/comments.self-e3b0c44298fc1c149afbf4c8996fb92427ae41e4649b934ca495991b7852b855.css?body=1" for ::1 at 2015-06-20 14:06:21 -0400


Started GET "/assets/tags.self-e3b0c44298fc1c149afbf4c8996fb92427ae41e4649b934ca495991b7852b855.css?body=1" for ::1 at 2015-06-20 14:06:21 -0400


Started GET "/assets/screen.self-16f83778566f2ea814368100ac8e534d7de4921c8d7334c3f01cc357b90c6547.css?body=1" for ::1 at 2015-06-20 14:06:21 -0400


Started GET "/assets/styles.self-6ff6eaa19c18f504dcd2dbb5633398c0b74d0def46ab4ce4f0574bbe7b63c29d.css?body=1" for ::1 at 2015-06-20 14:06:21 -0400


Started GET "/assets/jquery.self-d03a5518f45df77341bdbe6201ba3bfa547ebba8ed64f0ea56bfa5f96ea7c074.js?body=1" for ::1 at 2015-06-20 14:06:21 -0400


Started GET "/assets/application.self-e80e8f2318043e8af94dddc2adad5a4f09739a8ebb323b3ab31cd71d45fd9113.css?body=1" for ::1 at 2015-06-20 14:06:21 -0400


Started GET "/assets/jquery_ujs.self-ca5248a2fad13d6bd58ea121318d642f195f0b2dd818b30615f785ff365e8d1f.js?body=1" for ::1 at 2015-06-20 14:06:21 -0400


Started GET "/assets/turbolinks.self-c37727e9bd6b2735da5c311aa83fead54ed0be6cc8bd9a65309e9c5abe2cbfff.js?body=1" for ::1 at 2015-06-20 14:06:21 -0400


Started GET "/assets/articles.self-877aef30ae1b040ab8a3aba4e3e309a11d7f2612f44dde450b5c157aa5f95c05.js?body=1" for ::1 at 2015-06-20 14:06:21 -0400


Started GET "/assets/author_sessions.self-877aef30ae1b040ab8a3aba4e3e309a11d7f2612f44dde450b5c157aa5f95c05.js?body=1" for ::1 at 2015-06-20 14:06:21 -0400


Started GET "/assets/comments.self-877aef30ae1b040ab8a3aba4e3e309a11d7f2612f44dde450b5c157aa5f95c05.js?body=1" for ::1 at 2015-06-20 14:06:21 -0400


Started GET "/assets/tags.self-877aef30ae1b040ab8a3aba4e3e309a11d7f2612f44dde450b5c157aa5f95c05.js?body=1" for ::1 at 2015-06-20 14:06:21 -0400


Started GET "/assets/application.self-3b8dabdc891efe46b9a144b400ad69e37d7e5876bdc39dee783419a69d7ca819.js?body=1" for ::1 at 2015-06-20 14:06:21 -0400


Started GET "/articles/" for ::1 at 2015-06-20 14:06:26 -0400
Processing by ArticlesController#index as HTML
  [1m[35mArticle Load (0.2ms)[0m  SELECT "articles".* FROM "articles"
  Rendered articles/index.html.erb within layouts/application (1.1ms)
Completed 200 OK in 55ms (Views: 54.1ms | ActiveRecord: 0.2ms)


Started GET "/articles/1" for ::1 at 2015-06-20 14:06:27 -0400
Processing by ArticlesController#show as HTML
  Parameters: {"id"=>"1"}
  [1m[36mArticle Load (0.1ms)[0m  [1mSELECT  "articles".* FROM "articles" WHERE "articles"."id" = ? LIMIT 1[0m  [["id", 1]]
  [1m[35mTag Load (0.1ms)[0m  SELECT "tags".* FROM "tags" INNER JOIN "taggings" ON "tags"."id" = "taggings"."tag_id" WHERE "taggings"."article_id" = ?  [["article_id", 1]]
  Rendered comments/_form.html.erb (0.6ms)
  Rendered articles/show.html.erb within layouts/application (5.5ms)
Completed 200 OK in 55ms (Views: 53.8ms | ActiveRecord: 0.2ms)


Started GET "/login" for ::1 at 2015-06-20 14:06:38 -0400
Processing by AuthorSessionsController#new as HTML
  Rendered author_sessions/new.html.erb within layouts/application (1.2ms)
Completed 200 OK in 49ms (Views: 48.4ms | ActiveRecord: 0.0ms)


Started POST "/author_sessions" for ::1 at 2015-06-20 14:06:48 -0400
Processing by AuthorSessionsController#create as HTML
  Parameters: {"utf8"=>"✓", "authenticity_token"=>"g2VE39Q+iTqETE1gvSBTMF6LIu6YYCZwnq3puW1J+lIhLlZ2APAaJPo0wDES+AVlvglzjKCehLQr842ndFFxQQ==", "email"=>"admin2@example.com", "password"=>"[FILTERED]", "commit"=>"Login"}
  [1m[36mAuthor Load (0.1ms)[0m  [1mSELECT  "authors".* FROM "authors" WHERE "authors"."email" = 'admin2@example.com'  ORDER BY "authors"."id" ASC LIMIT 1[0m
Redirected to http://localhost:3000/articles
Completed 302 Found in 156ms (ActiveRecord: 0.3ms)


Started GET "/articles" for ::1 at 2015-06-20 14:06:48 -0400
Processing by ArticlesController#index as HTML
  [1m[35mArticle Load (0.1ms)[0m  SELECT "articles".* FROM "articles"
  Rendered articles/index.html.erb within layouts/application (0.8ms)
  [1m[36mAuthor Load (0.2ms)[0m  [1mSELECT  "authors".* FROM "authors" WHERE "authors"."id" = ? LIMIT 1[0m  [["id", 2]]
Completed 200 OK in 35ms (Views: 34.1ms | ActiveRecord: 0.3ms)


Started GET "/articles/2" for ::1 at 2015-06-20 14:06:49 -0400
Processing by ArticlesController#show as HTML
  Parameters: {"id"=>"2"}
  [1m[35mArticle Load (0.1ms)[0m  SELECT  "articles".* FROM "articles" WHERE "articles"."id" = ? LIMIT 1  [["id", 2]]
  [1m[36mTag Load (0.1ms)[0m  [1mSELECT "tags".* FROM "tags" INNER JOIN "taggings" ON "tags"."id" = "taggings"."tag_id" WHERE "taggings"."article_id" = ?[0m  [["article_id", 2]]
  Rendered comments/_form.html.erb (0.7ms)
  [1m[35mAuthor Load (0.1ms)[0m  SELECT  "authors".* FROM "authors" WHERE "authors"."id" = ? LIMIT 1  [["id", 2]]
  [1m[36m (0.1ms)[0m  [1mSELECT COUNT(*) FROM "comments" WHERE "comments"."article_id" = ?[0m  [["article_id", 2]]
  Rendered articles/_comment.html.erb (0.0ms)
  Rendered articles/show.html.erb within layouts/application (7.1ms)
Completed 200 OK in 61ms (Views: 59.7ms | ActiveRecord: 0.3ms)
